{"/home/travis/build/npmtest/node-npmtest-gitter-cli/test.js":{"path":"/home/travis/build/npmtest/node-npmtest-gitter-cli/test.js","s":{"1":2,"2":2,"3":2,"4":2,"5":2,"6":2,"7":2,"8":1,"9":2,"10":2,"11":1,"12":1,"13":1,"14":1,"15":2,"16":2,"17":2,"18":2,"19":1,"20":1,"21":2,"22":2,"23":2,"24":1,"25":1,"26":1,"27":1,"28":1,"29":1,"30":1,"31":1,"32":1,"33":1,"34":1,"35":1,"36":1,"37":1,"38":1,"39":2,"40":2,"41":1,"42":2,"43":2,"44":1,"45":2,"46":2,"47":1,"48":2,"49":2,"50":1,"51":1,"52":1,"53":1,"54":1},"b":{"1":[2,1,1,1],"2":[1,1,1,1],"3":[1,1],"4":[1,1],"5":[1,1],"6":[1,1],"7":[1,1],"8":[1,1],"9":[1,1],"10":[1,1,1],"11":[1,1],"12":[1,1],"13":[1,1],"14":[1,1],"15":[1,1],"16":[1,1],"17":[1,1]},"f":{"1":2,"2":2,"3":2,"4":2,"5":2,"6":1,"7":1,"8":1,"9":2,"10":2,"11":2,"12":2,"13":1},"fnMap":{"1":{"name":"(anonymous_1)","line":12,"loc":{"start":{"line":12,"column":1},"end":{"line":12,"column":13}}},"2":{"name":"(anonymous_2)","line":19,"loc":{"start":{"line":19,"column":5},"end":{"line":19,"column":17}}},"3":{"name":"(anonymous_3)","line":23,"loc":{"start":{"line":23,"column":24},"end":{"line":23,"column":36}}},"4":{"name":"(anonymous_4)","line":61,"loc":{"start":{"line":61,"column":5},"end":{"line":61,"column":17}}},"5":{"name":"(anonymous_5)","line":82,"loc":{"start":{"line":82,"column":5},"end":{"line":82,"column":17}}},"6":{"name":"(anonymous_6)","line":91,"loc":{"start":{"line":91,"column":77},"end":{"line":94,"column":10}}},"7":{"name":"(anonymous_7)","line":112,"loc":{"start":{"line":112,"column":83},"end":{"line":115,"column":10}},"skip":true},"8":{"name":"(anonymous_8)","line":123,"loc":{"start":{"line":123,"column":77},"end":{"line":126,"column":10}},"skip":true},"9":{"name":"(anonymous_9)","line":139,"loc":{"start":{"line":139,"column":12},"end":{"line":139,"column":40}},"skip":true},"10":{"name":"(anonymous_10)","line":147,"loc":{"start":{"line":147,"column":77},"end":{"line":150,"column":10}},"skip":true},"11":{"name":"(anonymous_11)","line":158,"loc":{"start":{"line":158,"column":83},"end":{"line":161,"column":10}},"skip":true},"12":{"name":"(anonymous_12)","line":169,"loc":{"start":{"line":169,"column":79},"end":{"line":172,"column":10}},"skip":true},"13":{"name":"(anonymous_13)","line":180,"loc":{"start":{"line":180,"column":75},"end":{"line":183,"column":10}},"skip":true}},"statementMap":{"1":{"start":{"line":12,"column":0},"end":{"line":195,"column":5}},"2":{"start":{"line":14,"column":4},"end":{"line":14,"column":14}},"3":{"start":{"line":19,"column":4},"end":{"line":56,"column":9}},"4":{"start":{"line":21,"column":8},"end":{"line":21,"column":19}},"5":{"start":{"line":23,"column":8},"end":{"line":35,"column":13}},"6":{"start":{"line":24,"column":12},"end":{"line":34,"column":13}},"7":{"start":{"line":25,"column":16},"end":{"line":28,"column":30}},"8":{"start":{"line":30,"column":16},"end":{"line":33,"column":27}},"9":{"start":{"line":37,"column":8},"end":{"line":39,"column":21}},"10":{"start":{"line":40,"column":8},"end":{"line":53,"column":9}},"11":{"start":{"line":43,"column":12},"end":{"line":46,"column":14}},"12":{"start":{"line":47,"column":12},"end":{"line":47,"column":18}},"13":{"start":{"line":50,"column":12},"end":{"line":51,"column":33}},"14":{"start":{"line":52,"column":12},"end":{"line":52,"column":18}},"15":{"start":{"line":55,"column":8},"end":{"line":55,"column":35}},"16":{"start":{"line":61,"column":4},"end":{"line":63,"column":9}},"17":{"start":{"line":62,"column":8},"end":{"line":62,"column":15}},"18":{"start":{"line":64,"column":4},"end":{"line":77,"column":5}},"19":{"start":{"line":70,"column":8},"end":{"line":70,"column":14}},"20":{"start":{"line":76,"column":8},"end":{"line":76,"column":14}},"21":{"start":{"line":82,"column":4},"end":{"line":84,"column":9}},"22":{"start":{"line":83,"column":8},"end":{"line":83,"column":15}},"23":{"start":{"line":85,"column":4},"end":{"line":194,"column":5}},"24":{"start":{"line":91,"column":8},"end":{"line":99,"column":10}},"25":{"start":{"line":98,"column":12},"end":{"line":98,"column":35}},"26":{"start":{"line":102,"column":8},"end":{"line":104,"column":63}},"27":{"start":{"line":105,"column":8},"end":{"line":105,"column":14}},"28":{"start":{"line":112,"column":8},"end":{"line":121,"column":10},"skip":true},"29":{"start":{"line":119,"column":12},"end":{"line":119,"column":55},"skip":true},"30":{"start":{"line":120,"column":12},"end":{"line":120,"column":48},"skip":true},"31":{"start":{"line":123,"column":8},"end":{"line":136,"column":10},"skip":true},"32":{"start":{"line":130,"column":12},"end":{"line":130,"column":76},"skip":true},"33":{"start":{"line":131,"column":12},"end":{"line":131,"column":73},"skip":true},"34":{"start":{"line":132,"column":12},"end":{"line":132,"column":74},"skip":true},"35":{"start":{"line":133,"column":12},"end":{"line":133,"column":79},"skip":true},"36":{"start":{"line":134,"column":12},"end":{"line":134,"column":25},"skip":true},"37":{"start":{"line":135,"column":12},"end":{"line":135,"column":45},"skip":true},"38":{"start":{"line":138,"column":8},"end":{"line":145,"column":14},"skip":true},"39":{"start":{"line":143,"column":16},"end":{"line":143,"column":29},"skip":true},"40":{"start":{"line":144,"column":16},"end":{"line":144,"column":55},"skip":true},"41":{"start":{"line":147,"column":8},"end":{"line":156,"column":10},"skip":true},"42":{"start":{"line":154,"column":12},"end":{"line":154,"column":25},"skip":true},"43":{"start":{"line":155,"column":12},"end":{"line":155,"column":45},"skip":true},"44":{"start":{"line":158,"column":8},"end":{"line":167,"column":10},"skip":true},"45":{"start":{"line":165,"column":12},"end":{"line":165,"column":25},"skip":true},"46":{"start":{"line":166,"column":12},"end":{"line":166,"column":48},"skip":true},"47":{"start":{"line":169,"column":8},"end":{"line":178,"column":10},"skip":true},"48":{"start":{"line":176,"column":12},"end":{"line":176,"column":25},"skip":true},"49":{"start":{"line":177,"column":12},"end":{"line":177,"column":46},"skip":true},"50":{"start":{"line":180,"column":8},"end":{"line":189,"column":10},"skip":true},"51":{"start":{"line":187,"column":12},"end":{"line":187,"column":94},"skip":true},"52":{"start":{"line":188,"column":12},"end":{"line":188,"column":48},"skip":true},"53":{"start":{"line":192,"column":8},"end":{"line":192,"column":35},"skip":true},"54":{"start":{"line":193,"column":8},"end":{"line":193,"column":14},"skip":true}},"branchMap":{"1":{"line":25,"type":"binary-expr","locations":[{"start":{"line":25,"column":23},"end":{"line":25,"column":62}},{"start":{"line":26,"column":20},"end":{"line":26,"column":70}},{"start":{"line":27,"column":20},"end":{"line":27,"column":71}},{"start":{"line":28,"column":20},"end":{"line":28,"column":29}}]},"2":{"line":30,"type":"binary-expr","locations":[{"start":{"line":30,"column":23},"end":{"line":30,"column":37}},{"start":{"line":31,"column":20},"end":{"line":31,"column":61}},{"start":{"line":32,"column":20},"end":{"line":32,"column":70}},{"start":{"line":33,"column":20},"end":{"line":33,"column":26}}]},"3":{"line":37,"type":"cond-expr","locations":[{"start":{"line":38,"column":14},"end":{"line":38,"column":20}},{"start":{"line":39,"column":14},"end":{"line":39,"column":20}}]},"4":{"line":40,"type":"switch","locations":[{"start":{"line":42,"column":8},"end":{"line":47,"column":18}},{"start":{"line":49,"column":8},"end":{"line":52,"column":18}}]},"5":{"line":44,"type":"binary-expr","locations":[{"start":{"line":44,"column":16},"end":{"line":44,"column":44}},{"start":{"line":44,"column":48},"end":{"line":44,"column":66}}]},"6":{"line":50,"type":"binary-expr","locations":[{"start":{"line":50,"column":21},"end":{"line":50,"column":49}},{"start":{"line":50,"column":53},"end":{"line":50,"column":72}}]},"7":{"line":64,"type":"switch","locations":[{"start":{"line":69,"column":4},"end":{"line":70,"column":14}},{"start":{"line":75,"column":4},"end":{"line":76,"column":14}}]},"8":{"line":85,"type":"switch","locations":[{"start":{"line":90,"column":4},"end":{"line":105,"column":14}},{"start":{"line":111,"column":4},"end":{"line":193,"column":14},"skip":true}]},"9":{"line":91,"type":"binary-expr","locations":[{"start":{"line":91,"column":42},"end":{"line":91,"column":73}},{"start":{"line":91,"column":77},"end":{"line":99,"column":9}}]},"10":{"line":102,"type":"binary-expr","locations":[{"start":{"line":102,"column":18},"end":{"line":102,"column":32}},{"start":{"line":103,"column":12},"end":{"line":103,"column":53}},{"start":{"line":104,"column":12},"end":{"line":104,"column":61}}]},"11":{"line":112,"type":"binary-expr","locations":[{"start":{"line":112,"column":45},"end":{"line":112,"column":79},"skip":true},{"start":{"line":112,"column":83},"end":{"line":121,"column":9},"skip":true}]},"12":{"line":123,"type":"binary-expr","locations":[{"start":{"line":123,"column":42},"end":{"line":123,"column":73},"skip":true},{"start":{"line":123,"column":77},"end":{"line":136,"column":9},"skip":true}]},"13":{"line":138,"type":"binary-expr","locations":[{"start":{"line":138,"column":48},"end":{"line":138,"column":85},"skip":true},{"start":{"line":139,"column":12},"end":{"line":145,"column":13},"skip":true}]},"14":{"line":147,"type":"binary-expr","locations":[{"start":{"line":147,"column":42},"end":{"line":147,"column":73},"skip":true},{"start":{"line":147,"column":77},"end":{"line":156,"column":9},"skip":true}]},"15":{"line":158,"type":"binary-expr","locations":[{"start":{"line":158,"column":45},"end":{"line":158,"column":79},"skip":true},{"start":{"line":158,"column":83},"end":{"line":167,"column":9},"skip":true}]},"16":{"line":169,"type":"binary-expr","locations":[{"start":{"line":169,"column":43},"end":{"line":169,"column":75},"skip":true},{"start":{"line":169,"column":79},"end":{"line":178,"column":9},"skip":true}]},"17":{"line":180,"type":"binary-expr","locations":[{"start":{"line":180,"column":41},"end":{"line":180,"column":71},"skip":true},{"start":{"line":180,"column":75},"end":{"line":189,"column":9},"skip":true}]}},"code":["/* istanbul instrument in package npmtest_gitter_cli */","/*jslint","    bitwise: true,","    browser: true,","    maxerr: 8,","    maxlen: 96,","    node: true,","    nomen: true,","    regexp: true,","    stupid: true","*/","(function () {","    'use strict';","    var local;","","","","    // run shared js-env code - pre-init","    (function () {","        // init local","        local = {};","        // init modeJs","        local.modeJs = (function () {","            try {","                return typeof navigator.userAgent === 'string' &&","                    typeof document.querySelector('body') === 'object' &&","                    typeof XMLHttpRequest.prototype.open === 'function' &&","                    'browser';","            } catch (errorCaughtBrowser) {","                return module.exports &&","                    typeof process.versions.node === 'string' &&","                    typeof require('http').createServer === 'function' &&","                    'node';","            }","        }());","        // init global","        local.global = local.modeJs === 'browser'","            ? window","            : global;","        switch (local.modeJs) {","        // re-init local from window.local","        case 'browser':","            local = local.global.utility2.objectSetDefault(","                local.global.utility2_rollup || local.global.local,","                local.global.utility2","            );","            break;","        // re-init local from example.js","        case 'node':","            local = (local.global.utility2_rollup || require('utility2'))","                .requireReadme();","            break;","        }","        // export local","        local.global.local = local;","    }());","","","","    // run shared js-env code - function","    (function () {","        return;","    }());","    switch (local.modeJs) {","","","","    // run browser js-env code - function","    case 'browser':","        break;","","","","    // run node js-env code - function","    case 'node':","        break;","    }","","","","    // run shared js-env code - post-init","    (function () {","        return;","    }());","    switch (local.modeJs) {","","","","    // run browser js-env code - post-init","    case 'browser':","        local.testCase_browser_nullCase = local.testCase_browser_nullCase || function (","            options,","            onError","        ) {","        /*","         * this function will test browsers's null-case handling-behavior-behavior","         */","            onError(null, options);","        };","","        // run tests","        local.nop(local.modeTest &&","            document.querySelector('#testRunButton1') &&","            document.querySelector('#testRunButton1').click());","        break;","","","","    // run node js-env code - post-init","    /* istanbul ignore next */","    case 'node':","        local.testCase_buildApidoc_default = local.testCase_buildApidoc_default || function (","            options,","            onError","        ) {","        /*","         * this function will test buildApidoc's default handling-behavior-behavior","         */","            options = { modulePathList: module.paths };","            local.buildApidoc(options, onError);","        };","","        local.testCase_buildApp_default = local.testCase_buildApp_default || function (","            options,","            onError","        ) {","        /*","         * this function will test buildApp's default handling-behavior-behavior","         */","            local.testCase_buildReadme_default(options, local.onErrorThrow);","            local.testCase_buildLib_default(options, local.onErrorThrow);","            local.testCase_buildTest_default(options, local.onErrorThrow);","            local.testCase_buildCustomOrg_default(options, local.onErrorThrow);","            options = [];","            local.buildApp(options, onError);","        };","","        local.testCase_buildCustomOrg_default = local.testCase_buildCustomOrg_default ||","            function (options, onError) {","            /*","             * this function will test buildCustomOrg's default handling-behavior","             */","                options = {};","                local.buildCustomOrg(options, onError);","            };","","        local.testCase_buildLib_default = local.testCase_buildLib_default || function (","            options,","            onError","        ) {","        /*","         * this function will test buildLib's default handling-behavior","         */","            options = {};","            local.buildLib(options, onError);","        };","","        local.testCase_buildReadme_default = local.testCase_buildReadme_default || function (","            options,","            onError","        ) {","        /*","         * this function will test buildReadme's default handling-behavior-behavior","         */","            options = {};","            local.buildReadme(options, onError);","        };","","        local.testCase_buildTest_default = local.testCase_buildTest_default || function (","            options,","            onError","        ) {","        /*","         * this function will test buildTest's default handling-behavior","         */","            options = {};","            local.buildTest(options, onError);","        };","","        local.testCase_webpage_default = local.testCase_webpage_default || function (","            options,","            onError","        ) {","        /*","         * this function will test webpage's default handling-behavior","         */","            options = { modeCoverageMerge: true, url: local.serverLocalHost + '?modeTest=1' };","            local.browserTest(options, onError);","        };","","        // run test-server","        local.testRunServer(local);","        break;","    }","}());",""],"l":{"12":2,"14":2,"19":2,"21":2,"23":2,"24":2,"25":2,"30":1,"37":2,"40":2,"43":1,"47":1,"50":1,"52":1,"55":2,"61":2,"62":2,"64":2,"70":1,"76":1,"82":2,"83":2,"85":2,"91":1,"98":1,"102":1,"105":1,"112":1,"119":1,"120":1,"123":1,"130":1,"131":1,"132":1,"133":1,"134":1,"135":1,"138":1,"143":2,"144":2,"147":1,"154":2,"155":2,"158":1,"165":2,"166":2,"169":1,"176":2,"177":2,"180":1,"187":1,"188":1,"192":1,"193":1}},"/home/travis/build/npmtest/node-npmtest-gitter-cli/lib.npmtest_gitter_cli.js":{"path":"/home/travis/build/npmtest/node-npmtest-gitter-cli/lib.npmtest_gitter_cli.js","s":{"1":2,"2":2,"3":2,"4":2,"5":2,"6":2,"7":2,"8":1,"9":2,"10":2,"11":2,"12":2,"13":1,"14":1,"15":1,"16":1},"b":{"1":[2,1,1,1],"2":[1,1,1,1],"3":[1,1],"4":[2,2],"5":[1,1]},"f":{"1":2,"2":2,"3":2},"fnMap":{"1":{"name":"(anonymous_1)","line":12,"loc":{"start":{"line":12,"column":1},"end":{"line":12,"column":13}}},"2":{"name":"(anonymous_2)","line":19,"loc":{"start":{"line":19,"column":5},"end":{"line":19,"column":17}}},"3":{"name":"(anonymous_3)","line":23,"loc":{"start":{"line":23,"column":24},"end":{"line":23,"column":36}}}},"statementMap":{"1":{"start":{"line":12,"column":0},"end":{"line":53,"column":5}},"2":{"start":{"line":14,"column":4},"end":{"line":14,"column":14}},"3":{"start":{"line":19,"column":4},"end":{"line":52,"column":9}},"4":{"start":{"line":21,"column":8},"end":{"line":21,"column":19}},"5":{"start":{"line":23,"column":8},"end":{"line":35,"column":13}},"6":{"start":{"line":24,"column":12},"end":{"line":34,"column":13}},"7":{"start":{"line":25,"column":16},"end":{"line":28,"column":30}},"8":{"start":{"line":30,"column":16},"end":{"line":33,"column":27}},"9":{"start":{"line":37,"column":8},"end":{"line":39,"column":21}},"10":{"start":{"line":41,"column":8},"end":{"line":41,"column":54}},"11":{"start":{"line":43,"column":8},"end":{"line":43,"column":55}},"12":{"start":{"line":45,"column":8},"end":{"line":51,"column":9}},"13":{"start":{"line":46,"column":12},"end":{"line":46,"column":61}},"14":{"start":{"line":48,"column":12},"end":{"line":48,"column":35}},"15":{"start":{"line":49,"column":12},"end":{"line":49,"column":49}},"16":{"start":{"line":50,"column":12},"end":{"line":50,"column":43}}},"branchMap":{"1":{"line":25,"type":"binary-expr","locations":[{"start":{"line":25,"column":23},"end":{"line":25,"column":62}},{"start":{"line":26,"column":20},"end":{"line":26,"column":70}},{"start":{"line":27,"column":20},"end":{"line":27,"column":71}},{"start":{"line":28,"column":20},"end":{"line":28,"column":29}}]},"2":{"line":30,"type":"binary-expr","locations":[{"start":{"line":30,"column":23},"end":{"line":30,"column":37}},{"start":{"line":31,"column":20},"end":{"line":31,"column":61}},{"start":{"line":32,"column":20},"end":{"line":32,"column":70}},{"start":{"line":33,"column":20},"end":{"line":33,"column":26}}]},"3":{"line":37,"type":"cond-expr","locations":[{"start":{"line":38,"column":14},"end":{"line":38,"column":20}},{"start":{"line":39,"column":14},"end":{"line":39,"column":20}}]},"4":{"line":41,"type":"binary-expr","locations":[{"start":{"line":41,"column":16},"end":{"line":41,"column":44}},{"start":{"line":41,"column":48},"end":{"line":41,"column":53}}]},"5":{"line":45,"type":"if","locations":[{"start":{"line":45,"column":8},"end":{"line":45,"column":8}},{"start":{"line":45,"column":8},"end":{"line":45,"column":8}}]}},"code":["/* istanbul instrument in package npmtest_gitter_cli */","/*jslint","    bitwise: true,","    browser: true,","    maxerr: 8,","    maxlen: 96,","    node: true,","    nomen: true,","    regexp: true,","    stupid: true","*/","(function () {","    'use strict';","    var local;","","","","    // run shared js-env code - pre-init","    (function () {","        // init local","        local = {};","        // init modeJs","        local.modeJs = (function () {","            try {","                return typeof navigator.userAgent === 'string' &&","                    typeof document.querySelector('body') === 'object' &&","                    typeof XMLHttpRequest.prototype.open === 'function' &&","                    'browser';","            } catch (errorCaughtBrowser) {","                return module.exports &&","                    typeof process.versions.node === 'string' &&","                    typeof require('http').createServer === 'function' &&","                    'node';","            }","        }());","        // init global","        local.global = local.modeJs === 'browser'","            ? window","            : global;","        // init utility2_rollup","        local = local.global.utility2_rollup || local;","        // init lib","        local.local = local.npmtest_gitter_cli = local;","        // init exports","        if (local.modeJs === 'browser') {","            local.global.utility2_npmtest_gitter_cli = local;","        } else {","            module.exports = local;","            module.exports.__dirname = __dirname;","            module.exports.module = module;","        }","    }());","}());",""],"l":{"12":2,"14":2,"19":2,"21":2,"23":2,"24":2,"25":2,"30":1,"37":2,"41":2,"43":2,"45":2,"46":1,"48":1,"49":1,"50":1}},"/home/travis/build/npmtest/node-npmtest-gitter-cli/example.js":{"path":"/home/travis/build/npmtest/node-npmtest-gitter-cli/example.js","s":{"1":2,"2":2,"3":2,"4":2,"5":2,"6":2,"7":2,"8":1,"9":2,"10":2,"11":2,"12":2,"13":1,"14":2,"15":2,"16":2,"17":2,"18":2,"19":0,"20":2,"21":1,"22":1,"23":1,"24":1,"25":1,"26":0,"27":0,"28":1,"29":1,"30":2,"31":0,"32":0,"33":0,"34":1,"35":2,"36":2,"37":3,"38":3,"39":3,"40":3,"41":0,"42":3,"43":3,"44":3,"45":1,"46":3,"47":1,"48":1,"49":1,"50":1,"51":1,"52":1,"53":1,"54":1,"55":1,"56":1,"57":0,"58":1,"59":6,"60":6,"61":1,"62":2,"63":0,"64":2,"65":1,"66":1,"67":0,"68":0,"69":0,"70":0,"71":0,"72":0,"73":0,"74":0,"75":0,"76":0,"77":0,"78":0,"79":0,"80":0,"81":0,"82":0,"83":0},"b":{"1":[2,1,1,1],"2":[1,1,1,1],"3":[1,1],"4":[2,2],"5":[1,1],"6":[1,1],"7":[2,0],"8":[2,1,1,1,1,1],"9":[0,2,0],"10":[1,1],"11":[2,1,1],"12":[1,0],"13":[0,2],"14":[2,0,0,0,0,0,0],"15":[0,3],"16":[3,0],"17":[1,1],"18":[0,1],"19":[1,2,0,2],"20":[1,0],"21":[1,1],"22":[0,0],"23":[0,0],"24":[0,0],"25":[0,0],"26":[0,0],"27":[0,0],"28":[0,0]},"f":{"1":2,"2":2,"3":2,"4":2,"5":2,"6":2,"7":3,"8":3,"9":3,"10":1,"11":6,"12":0},"fnMap":{"1":{"name":"(anonymous_1)","line":26,"loc":{"start":{"line":26,"column":1},"end":{"line":26,"column":13}}},"2":{"name":"(anonymous_2)","line":33,"loc":{"start":{"line":33,"column":5},"end":{"line":33,"column":17}}},"3":{"name":"(anonymous_3)","line":37,"loc":{"start":{"line":37,"column":24},"end":{"line":37,"column":36}}},"4":{"name":"(anonymous_4)","line":69,"loc":{"start":{"line":69,"column":31},"end":{"line":69,"column":48}},"skip":true},"5":{"name":"(anonymous_5)","line":78,"loc":{"start":{"line":78,"column":26},"end":{"line":78,"column":45}},"skip":true},"6":{"name":"(anonymous_6)","line":123,"loc":{"start":{"line":123,"column":33},"end":{"line":123,"column":48}},"skip":true},"7":{"name":"(anonymous_7)","line":125,"loc":{"start":{"line":125,"column":27},"end":{"line":125,"column":39}},"skip":true},"8":{"name":"(anonymous_8)","line":133,"loc":{"start":{"line":133,"column":59},"end":{"line":133,"column":74}},"skip":true},"9":{"name":"(anonymous_9)","line":143,"loc":{"start":{"line":143,"column":45},"end":{"line":143,"column":62}},"skip":true},"10":{"name":"(anonymous_10)","line":144,"loc":{"start":{"line":144,"column":73},"end":{"line":144,"column":92}},"skip":true},"11":{"name":"(anonymous_11)","line":272,"loc":{"start":{"line":272,"column":51},"end":{"line":272,"column":77}},"skip":true},"12":{"name":"(anonymous_12)","line":315,"loc":{"start":{"line":315,"column":32},"end":{"line":315,"column":61}},"skip":true}},"statementMap":{"1":{"start":{"line":26,"column":0},"end":{"line":326,"column":5}},"2":{"start":{"line":28,"column":4},"end":{"line":28,"column":14}},"3":{"start":{"line":33,"column":4},"end":{"line":60,"column":9}},"4":{"start":{"line":35,"column":8},"end":{"line":35,"column":19}},"5":{"start":{"line":37,"column":8},"end":{"line":49,"column":13}},"6":{"start":{"line":38,"column":12},"end":{"line":48,"column":13}},"7":{"start":{"line":39,"column":16},"end":{"line":42,"column":30}},"8":{"start":{"line":44,"column":16},"end":{"line":47,"column":27}},"9":{"start":{"line":51,"column":8},"end":{"line":53,"column":21}},"10":{"start":{"line":55,"column":8},"end":{"line":57,"column":45}},"11":{"start":{"line":59,"column":8},"end":{"line":59,"column":35}},"12":{"start":{"line":61,"column":4},"end":{"line":325,"column":5}},"13":{"start":{"line":69,"column":8},"end":{"line":121,"column":10},"skip":true},"14":{"start":{"line":70,"column":12},"end":{"line":88,"column":13},"skip":true},"15":{"start":{"line":76,"column":16},"end":{"line":87,"column":19},"skip":true},"16":{"start":{"line":79,"column":20},"end":{"line":86,"column":21},"skip":true},"17":{"start":{"line":82,"column":24},"end":{"line":82,"column":43},"skip":true},"18":{"start":{"line":83,"column":24},"end":{"line":83,"column":30},"skip":true},"19":{"start":{"line":85,"column":24},"end":{"line":85,"column":49},"skip":true},"20":{"start":{"line":89,"column":12},"end":{"line":107,"column":13},"skip":true},"21":{"start":{"line":92,"column":16},"end":{"line":102,"column":17},"skip":true},"22":{"start":{"line":93,"column":20},"end":{"line":93,"column":86},"skip":true},"23":{"start":{"line":94,"column":20},"end":{"line":95,"column":45},"skip":true},"24":{"start":{"line":96,"column":20},"end":{"line":96,"column":42},"skip":true},"25":{"start":{"line":97,"column":20},"end":{"line":97,"column":48},"skip":true},"26":{"start":{"line":100,"column":20},"end":{"line":100,"column":85},"skip":true},"27":{"start":{"line":101,"column":20},"end":{"line":101,"column":96},"skip":true},"28":{"start":{"line":103,"column":16},"end":{"line":103,"column":22},"skip":true},"29":{"start":{"line":106,"column":16},"end":{"line":106,"column":22},"skip":true},"30":{"start":{"line":108,"column":12},"end":{"line":120,"column":13},"skip":true},"31":{"start":{"line":114,"column":16},"end":{"line":119,"column":17},"skip":true},"32":{"start":{"line":116,"column":20},"end":{"line":116,"column":78},"skip":true},"33":{"start":{"line":118,"column":20},"end":{"line":118,"column":47},"skip":true},"34":{"start":{"line":123,"column":8},"end":{"line":141,"column":11},"skip":true},"35":{"start":{"line":124,"column":12},"end":{"line":124,"column":54},"skip":true},"36":{"start":{"line":125,"column":12},"end":{"line":140,"column":14},"skip":true},"37":{"start":{"line":126,"column":16},"end":{"line":126,"column":28},"skip":true},"38":{"start":{"line":127,"column":16},"end":{"line":127,"column":69},"skip":true},"39":{"start":{"line":128,"column":16},"end":{"line":128,"column":75},"skip":true},"40":{"start":{"line":129,"column":16},"end":{"line":131,"column":17},"skip":true},"41":{"start":{"line":130,"column":20},"end":{"line":130,"column":27},"skip":true},"42":{"start":{"line":133,"column":16},"end":{"line":137,"column":36},"skip":true},"43":{"start":{"line":134,"column":20},"end":{"line":136,"column":55},"skip":true},"44":{"start":{"line":139,"column":16},"end":{"line":139,"column":57},"skip":true},"45":{"start":{"line":143,"column":8},"end":{"line":147,"column":11},"skip":true},"46":{"start":{"line":144,"column":12},"end":{"line":146,"column":15},"skip":true},"47":{"start":{"line":145,"column":16},"end":{"line":145,"column":70},"skip":true},"48":{"start":{"line":149,"column":8},"end":{"line":149,"column":31},"skip":true},"49":{"start":{"line":150,"column":8},"end":{"line":150,"column":14},"skip":true},"50":{"start":{"line":158,"column":8},"end":{"line":158,"column":31},"skip":true},"51":{"start":{"line":160,"column":8},"end":{"line":160,"column":33},"skip":true},"52":{"start":{"line":161,"column":8},"end":{"line":161,"column":37},"skip":true},"53":{"start":{"line":162,"column":8},"end":{"line":162,"column":35},"skip":true},"54":{"start":{"line":164,"column":8},"end":{"line":164,"column":50},"skip":true},"55":{"start":{"line":166,"column":8},"end":{"line":256,"column":2},"skip":true},"56":{"start":{"line":258,"column":8},"end":{"line":286,"column":9},"skip":true},"57":{"start":{"line":259,"column":12},"end":{"line":269,"column":14},"skip":true},"58":{"start":{"line":271,"column":12},"end":{"line":285,"column":19},"skip":true},"59":{"start":{"line":274,"column":20},"end":{"line":274,"column":35},"skip":true},"60":{"start":{"line":275,"column":20},"end":{"line":284,"column":21},"skip":true},"61":{"start":{"line":277,"column":24},"end":{"line":277,"column":64},"skip":true},"62":{"start":{"line":279,"column":24},"end":{"line":279,"column":40},"skip":true},"63":{"start":{"line":281,"column":24},"end":{"line":281,"column":40},"skip":true},"64":{"start":{"line":283,"column":24},"end":{"line":283,"column":39},"skip":true},"65":{"start":{"line":288,"column":8},"end":{"line":290,"column":9},"skip":true},"66":{"start":{"line":289,"column":12},"end":{"line":289,"column":18},"skip":true},"67":{"start":{"line":291,"column":8},"end":{"line":293,"column":54},"skip":true},"68":{"start":{"line":296,"column":8},"end":{"line":301,"column":37},"skip":true},"69":{"start":{"line":303,"column":8},"end":{"line":303,"column":82},"skip":true},"70":{"start":{"line":306,"column":8},"end":{"line":308,"column":9},"skip":true},"71":{"start":{"line":307,"column":12},"end":{"line":307,"column":82},"skip":true},"72":{"start":{"line":310,"column":8},"end":{"line":312,"column":9},"skip":true},"73":{"start":{"line":311,"column":12},"end":{"line":311,"column":18},"skip":true},"74":{"start":{"line":313,"column":8},"end":{"line":313,"column":54},"skip":true},"75":{"start":{"line":314,"column":8},"end":{"line":314,"column":69},"skip":true},"76":{"start":{"line":315,"column":8},"end":{"line":323,"column":36},"skip":true},"77":{"start":{"line":316,"column":12},"end":{"line":316,"column":61},"skip":true},"78":{"start":{"line":317,"column":12},"end":{"line":320,"column":13},"skip":true},"79":{"start":{"line":318,"column":16},"end":{"line":318,"column":75},"skip":true},"80":{"start":{"line":319,"column":16},"end":{"line":319,"column":23},"skip":true},"81":{"start":{"line":321,"column":12},"end":{"line":321,"column":38},"skip":true},"82":{"start":{"line":322,"column":12},"end":{"line":322,"column":27},"skip":true},"83":{"start":{"line":324,"column":8},"end":{"line":324,"column":14},"skip":true}},"branchMap":{"1":{"line":39,"type":"binary-expr","locations":[{"start":{"line":39,"column":23},"end":{"line":39,"column":62}},{"start":{"line":40,"column":20},"end":{"line":40,"column":70}},{"start":{"line":41,"column":20},"end":{"line":41,"column":71}},{"start":{"line":42,"column":20},"end":{"line":42,"column":29}}]},"2":{"line":44,"type":"binary-expr","locations":[{"start":{"line":44,"column":23},"end":{"line":44,"column":37}},{"start":{"line":45,"column":20},"end":{"line":45,"column":61}},{"start":{"line":46,"column":20},"end":{"line":46,"column":70}},{"start":{"line":47,"column":20},"end":{"line":47,"column":26}}]},"3":{"line":51,"type":"cond-expr","locations":[{"start":{"line":52,"column":14},"end":{"line":52,"column":20}},{"start":{"line":53,"column":14},"end":{"line":53,"column":20}}]},"4":{"line":55,"type":"binary-expr","locations":[{"start":{"line":55,"column":16},"end":{"line":55,"column":44}},{"start":{"line":55,"column":49},"end":{"line":57,"column":43}}]},"5":{"line":55,"type":"cond-expr","locations":[{"start":{"line":56,"column":14},"end":{"line":56,"column":54}},{"start":{"line":57,"column":14},"end":{"line":57,"column":43}}]},"6":{"line":61,"type":"switch","locations":[{"start":{"line":68,"column":4},"end":{"line":150,"column":14},"skip":true},{"start":{"line":156,"column":4},"end":{"line":324,"column":14},"skip":true}]},"7":{"line":70,"type":"if","locations":[{"start":{"line":70,"column":12},"end":{"line":70,"column":12},"skip":true},{"start":{"line":70,"column":12},"end":{"line":70,"column":12},"skip":true}]},"8":{"line":70,"type":"binary-expr","locations":[{"start":{"line":70,"column":16},"end":{"line":70,"column":22},"skip":true},{"start":{"line":70,"column":27},"end":{"line":70,"column":32},"skip":true},{"start":{"line":71,"column":20},"end":{"line":71,"column":39},"skip":true},{"start":{"line":72,"column":20},"end":{"line":72,"column":49},"skip":true},{"start":{"line":73,"column":20},"end":{"line":73,"column":58},"skip":true},{"start":{"line":74,"column":20},"end":{"line":74,"column":69},"skip":true}]},"9":{"line":79,"type":"switch","locations":[{"start":{"line":80,"column":20},"end":{"line":80,"column":33},"skip":true},{"start":{"line":81,"column":20},"end":{"line":83,"column":30},"skip":true},{"start":{"line":84,"column":20},"end":{"line":85,"column":49},"skip":true}]},"10":{"line":89,"type":"switch","locations":[{"start":{"line":90,"column":12},"end":{"line":103,"column":22},"skip":true},{"start":{"line":105,"column":12},"end":{"line":106,"column":22},"skip":true}]},"11":{"line":89,"type":"binary-expr","locations":[{"start":{"line":89,"column":20},"end":{"line":89,"column":25},"skip":true},{"start":{"line":89,"column":29},"end":{"line":89,"column":48},"skip":true},{"start":{"line":89,"column":52},"end":{"line":89,"column":74},"skip":true}]},"12":{"line":92,"type":"if","locations":[{"start":{"line":92,"column":16},"end":{"line":92,"column":16},"skip":true},{"start":{"line":92,"column":16},"end":{"line":92,"column":16},"skip":true}]},"13":{"line":108,"type":"if","locations":[{"start":{"line":108,"column":12},"end":{"line":108,"column":12},"skip":true},{"start":{"line":108,"column":12},"end":{"line":108,"column":12},"skip":true}]},"14":{"line":108,"type":"binary-expr","locations":[{"start":{"line":108,"column":16},"end":{"line":108,"column":61},"skip":true},{"start":{"line":108,"column":66},"end":{"line":108,"column":72},"skip":true},{"start":{"line":108,"column":77},"end":{"line":108,"column":82},"skip":true},{"start":{"line":109,"column":20},"end":{"line":109,"column":39},"skip":true},{"start":{"line":110,"column":20},"end":{"line":110,"column":49},"skip":true},{"start":{"line":111,"column":20},"end":{"line":111,"column":58},"skip":true},{"start":{"line":112,"column":20},"end":{"line":112,"column":68},"skip":true}]},"15":{"line":129,"type":"if","locations":[{"start":{"line":129,"column":16},"end":{"line":129,"column":16},"skip":true},{"start":{"line":129,"column":16},"end":{"line":129,"column":16},"skip":true}]},"16":{"line":134,"type":"cond-expr","locations":[{"start":{"line":135,"column":26},"end":{"line":135,"column":29},"skip":true},{"start":{"line":136,"column":26},"end":{"line":136,"column":54},"skip":true}]},"17":{"line":164,"type":"binary-expr","locations":[{"start":{"line":164,"column":27},"end":{"line":164,"column":43},"skip":true},{"start":{"line":164,"column":47},"end":{"line":164,"column":49},"skip":true}]},"18":{"line":258,"type":"if","locations":[{"start":{"line":258,"column":8},"end":{"line":258,"column":8},"skip":true},{"start":{"line":258,"column":8},"end":{"line":258,"column":8},"skip":true}]},"19":{"line":275,"type":"switch","locations":[{"start":{"line":276,"column":20},"end":{"line":277,"column":64},"skip":true},{"start":{"line":278,"column":20},"end":{"line":279,"column":40},"skip":true},{"start":{"line":280,"column":20},"end":{"line":281,"column":40},"skip":true},{"start":{"line":282,"column":20},"end":{"line":283,"column":39},"skip":true}]},"20":{"line":288,"type":"if","locations":[{"start":{"line":288,"column":8},"end":{"line":288,"column":8},"skip":true},{"start":{"line":288,"column":8},"end":{"line":288,"column":8},"skip":true}]},"21":{"line":288,"type":"binary-expr","locations":[{"start":{"line":288,"column":12},"end":{"line":288,"column":40},"skip":true},{"start":{"line":288,"column":44},"end":{"line":288,"column":67},"skip":true}]},"22":{"line":292,"type":"binary-expr","locations":[{"start":{"line":292,"column":12},"end":{"line":292,"column":50},"skip":true},{"start":{"line":293,"column":12},"end":{"line":293,"column":53},"skip":true}]},"23":{"line":297,"type":"binary-expr","locations":[{"start":{"line":297,"column":12},"end":{"line":297,"column":68},"skip":true},{"start":{"line":298,"column":12},"end":{"line":301,"column":36},"skip":true}]},"24":{"line":303,"type":"binary-expr","locations":[{"start":{"line":303,"column":43},"end":{"line":303,"column":75},"skip":true},{"start":{"line":303,"column":79},"end":{"line":303,"column":81},"skip":true}]},"25":{"line":306,"type":"if","locations":[{"start":{"line":306,"column":8},"end":{"line":306,"column":8},"skip":true},{"start":{"line":306,"column":8},"end":{"line":306,"column":8},"skip":true}]},"26":{"line":310,"type":"if","locations":[{"start":{"line":310,"column":8},"end":{"line":310,"column":8},"skip":true},{"start":{"line":310,"column":8},"end":{"line":310,"column":8},"skip":true}]},"27":{"line":313,"type":"binary-expr","locations":[{"start":{"line":313,"column":27},"end":{"line":313,"column":43},"skip":true},{"start":{"line":313,"column":47},"end":{"line":313,"column":53},"skip":true}]},"28":{"line":317,"type":"if","locations":[{"start":{"line":317,"column":12},"end":{"line":317,"column":12},"skip":true},{"start":{"line":317,"column":12},"end":{"line":317,"column":12},"skip":true}]}},"code":["/*","example.js","","quickstart example","","instruction","    1. save this script as example.js","    2. run the shell command:","        $ npm install npmtest-gitter-cli && PORT=8081 node example.js","    3. play with the browser-demo on http://127.0.0.1:8081","*/","","","","/* istanbul instrument in package npmtest_gitter_cli */","/*jslint","    bitwise: true,","    browser: true,","    maxerr: 8,","    maxlen: 96,","    node: true,","    nomen: true,","    regexp: true,","    stupid: true","*/","(function () {","    'use strict';","    var local;","","","","    // run shared js-env code - pre-init","    (function () {","        // init local","        local = {};","        // init modeJs","        local.modeJs = (function () {","            try {","                return typeof navigator.userAgent === 'string' &&","                    typeof document.querySelector('body') === 'object' &&","                    typeof XMLHttpRequest.prototype.open === 'function' &&","                    'browser';","            } catch (errorCaughtBrowser) {","                return module.exports &&","                    typeof process.versions.node === 'string' &&","                    typeof require('http').createServer === 'function' &&","                    'node';","            }","        }());","        // init global","        local.global = local.modeJs === 'browser'","            ? window","            : global;","        // init utility2_rollup","        local = local.global.utility2_rollup || (local.modeJs === 'browser'","            ? local.global.utility2_npmtest_gitter_cli","            : global.utility2_moduleExports);","        // export local","        local.global.local = local;","    }());","    switch (local.modeJs) {","","","","    // post-init","    // run browser js-env code - post-init","    /* istanbul ignore next */","    case 'browser':","        local.testRunBrowser = function (event) {","            if (!event || (event &&","                    event.currentTarget &&","                    event.currentTarget.className &&","                    event.currentTarget.className.includes &&","                    event.currentTarget.className.includes('onreset'))) {","                // reset output","                Array.from(","                    document.querySelectorAll('body > .resettable')","                ).forEach(function (element) {","                    switch (element.tagName) {","                    case 'INPUT':","                    case 'TEXTAREA':","                        element.value = '';","                        break;","                    default:","                        element.textContent = '';","                    }","                });","            }","            switch (event && event.currentTarget && event.currentTarget.id) {","            case 'testRunButton1':","                // show tests","                if (document.querySelector('#testReportDiv1').style.display === 'none') {","                    document.querySelector('#testReportDiv1').style.display = 'block';","                    document.querySelector('#testRunButton1').textContent =","                        'hide internal test';","                    local.modeTest = true;","                    local.testRunDefault(local);","                // hide tests","                } else {","                    document.querySelector('#testReportDiv1').style.display = 'none';","                    document.querySelector('#testRunButton1').textContent = 'run internal test';","                }","                break;","            // custom-case","            default:","                break;","            }","            if (document.querySelector('#inputTextareaEval1') && (!event || (event &&","                    event.currentTarget &&","                    event.currentTarget.className &&","                    event.currentTarget.className.includes &&","                    event.currentTarget.className.includes('oneval')))) {","                // try to eval input-code","                try {","                    /*jslint evil: true*/","                    eval(document.querySelector('#inputTextareaEval1').value);","                } catch (errorCaught) {","                    console.error(errorCaught);","                }","            }","        };","        // log stderr and stdout to #outputTextareaStdout1","        ['error', 'log'].forEach(function (key) {","            console[key + '_original'] = console[key];","            console[key] = function () {","                var element;","                console[key + '_original'].apply(console, arguments);","                element = document.querySelector('#outputTextareaStdout1');","                if (!element) {","                    return;","                }","                // append text to #outputTextareaStdout1","                element.value += Array.from(arguments).map(function (arg) {","                    return typeof arg === 'string'","                        ? arg","                        : JSON.stringify(arg, null, 4);","                }).join(' ') + '\\n';","                // scroll textarea to bottom","                element.scrollTop = element.scrollHeight;","            };","        });","        // init event-handling","        ['change', 'click', 'keyup'].forEach(function (event) {","            Array.from(document.querySelectorAll('.on' + event)).forEach(function (element) {","                element.addEventListener(event, local.testRunBrowser);","            });","        });","        // run tests","        local.testRunBrowser();","        break;","","","","    // run node js-env code - post-init","    /* istanbul ignore next */","    case 'node':","        // export local","        module.exports = local;","        // require modules","        local.fs = require('fs');","        local.http = require('http');","        local.url = require('url');","        // init assets","        local.assetsDict = local.assetsDict || {};","        /* jslint-ignore-begin */","        local.assetsDict['/assets.index.template.html'] = '\\","<!doctype html>\\n\\","<html lang=\"en\">\\n\\","<head>\\n\\","<meta charset=\"UTF-8\">\\n\\","<meta name=\"viewport\" content=\"width=device-width, initial-scale=1\">\\n\\","<title>{{env.npm_package_name}} (v{{env.npm_package_version}})</title>\\n\\","<style>\\n\\","/*csslint\\n\\","    box-sizing: false,\\n\\","    universal-selector: false\\n\\","*/\\n\\","* {\\n\\","    box-sizing: border-box;\\n\\","}\\n\\","body {\\n\\","    background: #dde;\\n\\","    font-family: Arial, Helvetica, sans-serif;\\n\\","    margin: 2rem;\\n\\","}\\n\\","body > * {\\n\\","    margin-bottom: 1rem;\\n\\","}\\n\\",".utility2FooterDiv {\\n\\","    margin-top: 20px;\\n\\","    text-align: center;\\n\\","}\\n\\","</style>\\n\\","<style>\\n\\","/*csslint\\n\\","*/\\n\\","textarea {\\n\\","    font-family: monospace;\\n\\","    height: 10rem;\\n\\","    width: 100%;\\n\\","}\\n\\","textarea[readonly] {\\n\\","    background: #ddd;\\n\\","}\\n\\","</style>\\n\\","</head>\\n\\","<body>\\n\\","<!-- utility2-comment\\n\\","<div id=\"ajaxProgressDiv1\" style=\"background: #d00; height: 2px; left: 0; margin: 0; padding: 0; position: fixed; top: 0; transition: background 0.5s, width 1.5s; width: 25%;\"></div>\\n\\","utility2-comment -->\\n\\","<h1>\\n\\","<!-- utility2-comment\\n\\","    <a\\n\\","        {{#if env.npm_package_homepage}}\\n\\","        href=\"{{env.npm_package_homepage}}\"\\n\\","        {{/if env.npm_package_homepage}}\\n\\","        target=\"_blank\"\\n\\","    >\\n\\","utility2-comment -->\\n\\","        {{env.npm_package_name}} (v{{env.npm_package_version}})\\n\\","<!-- utility2-comment\\n\\","    </a>\\n\\","utility2-comment -->\\n\\","</h1>\\n\\","<h3>{{env.npm_package_description}}</h3>\\n\\","<!-- utility2-comment\\n\\","<h4><a download href=\"assets.app.js\">download standalone app</a></h4>\\n\\","<button class=\"onclick onreset\" id=\"testRunButton1\">run internal test</button><br>\\n\\","<div id=\"testReportDiv1\" style=\"display: none;\"></div>\\n\\","utility2-comment -->\\n\\","\\n\\","\\n\\","\\n\\","<label>stderr and stdout</label>\\n\\","<textarea class=\"resettable\" id=\"outputTextareaStdout1\" readonly></textarea>\\n\\","<!-- utility2-comment\\n\\","{{#if isRollup}}\\n\\","<script src=\"assets.app.js\"></script>\\n\\","{{#unless isRollup}}\\n\\","utility2-comment -->\\n\\","<script src=\"assets.utility2.rollup.js\"></script>\\n\\","<script src=\"jsonp.utility2._stateInit?callback=window.utility2._stateInit\"></script>\\n\\","<script src=\"assets.npmtest_gitter_cli.rollup.js\"></script>\\n\\","<script src=\"assets.example.js\"></script>\\n\\","<script src=\"assets.test.js\"></script>\\n\\","<!-- utility2-comment\\n\\","{{/if isRollup}}\\n\\","utility2-comment -->\\n\\","<div class=\"utility2FooterDiv\">\\n\\","    [ this app was created with\\n\\","    <a href=\"https://github.com/kaizhu256/node-utility2\" target=\"_blank\">utility2</a>\\n\\","    ]\\n\\","</div>\\n\\","</body>\\n\\","</html>\\n\\","';","        /* jslint-ignore-end */","        if (local.templateRender) {","            local.assetsDict['/'] = local.templateRender(","                local.assetsDict['/assets.index.template.html'],","                {","                    env: local.objectSetDefault(local.env, {","                        npm_package_description: 'the greatest app in the world!',","                        npm_package_name: 'my-app',","                        npm_package_nameAlias: 'my_app',","                        npm_package_version: '0.0.1'","                    })","                }","            );","        } else {","            local.assetsDict['/'] = local.assetsDict['/assets.index.template.html']","                .replace((/\\{\\{env\\.(\\w+?)\\}\\}/g), function (match0, match1) {","                    // jslint-hack","                    String(match0);","                    switch (match1) {","                    case 'npm_package_description':","                        return 'the greatest app in the world!';","                    case 'npm_package_name':","                        return 'my-app';","                    case 'npm_package_nameAlias':","                        return 'my_app';","                    case 'npm_package_version':","                        return '0.0.1';","                    }","                });","        }","        // run the cli","        if (local.global.utility2_rollup || module !== require.main) {","            break;","        }","        local.assetsDict['/assets.example.js'] =","            local.assetsDict['/assets.example.js'] ||","            local.fs.readFileSync(__filename, 'utf8');","        // bug-workaround - long $npm_package_buildCustomOrg","        /* jslint-ignore-begin */","        local.assetsDict['/assets.npmtest_gitter_cli.rollup.js'] =","            local.assetsDict['/assets.npmtest_gitter_cli.rollup.js'] ||","            local.fs.readFileSync(","                local.npmtest_gitter_cli.__dirname + '/lib.npmtest_gitter_cli.js',","                'utf8'","            ).replace((/^#!/), '//');","        /* jslint-ignore-end */","        local.assetsDict['/favicon.ico'] = local.assetsDict['/favicon.ico'] || '';","        // if $npm_config_timeout_exit exists,","        // then exit this process after $npm_config_timeout_exit ms","        if (Number(process.env.npm_config_timeout_exit)) {","            setTimeout(process.exit, Number(process.env.npm_config_timeout_exit));","        }","        // start server","        if (local.global.utility2_serverHttp1) {","            break;","        }","        process.env.PORT = process.env.PORT || '8081';","        console.error('server starting on port ' + process.env.PORT);","        local.http.createServer(function (request, response) {","            request.urlParsed = local.url.parse(request.url);","            if (local.assetsDict[request.urlParsed.pathname] !== undefined) {","                response.end(local.assetsDict[request.urlParsed.pathname]);","                return;","            }","            response.statusCode = 404;","            response.end();","        }).listen(process.env.PORT);","        break;","    }","}());",""],"l":{"26":2,"28":2,"33":2,"35":2,"37":2,"38":2,"39":2,"44":1,"51":2,"55":2,"59":2,"61":2,"69":1,"70":2,"76":2,"79":2,"82":2,"83":2,"85":1,"89":2,"92":1,"93":1,"94":1,"96":1,"97":1,"100":1,"101":1,"103":1,"106":1,"108":2,"114":1,"116":1,"118":1,"123":1,"124":2,"125":2,"126":3,"127":3,"128":3,"129":3,"130":1,"133":3,"134":3,"139":3,"143":1,"144":3,"145":1,"149":1,"150":1,"158":1,"160":1,"161":1,"162":1,"164":1,"166":1,"258":1,"259":1,"271":1,"274":6,"275":6,"277":1,"279":2,"281":1,"283":2,"288":1,"289":1,"291":1,"296":1,"303":1,"306":1,"307":1,"310":1,"311":1,"313":1,"314":1,"315":1,"316":1,"317":1,"318":1,"319":1,"321":1,"322":1,"324":1}},"/home/travis/build/npmtest/node-npmtest-gitter-cli/node_modules/gitter-cli/bin/gitter-cli":{"path":"/home/travis/build/npmtest/node-npmtest-gitter-cli/node_modules/gitter-cli/bin/gitter-cli","s":{"1":1},"b":{},"f":{},"fnMap":{},"statementMap":{"1":{"start":{"line":3,"column":0},"end":{"line":3,"column":26}}},"branchMap":{},"code":["//#!/usr/bin/env node","","require('../lib/main.js');",""],"l":{"3":1}},"/home/travis/build/npmtest/node-npmtest-gitter-cli/node_modules/gitter-cli/lib/main.js":{"path":"/home/travis/build/npmtest/node-npmtest-gitter-cli/node_modules/gitter-cli/lib/main.js","s":{"1":1,"2":1,"3":1,"4":1,"5":1,"6":1,"7":1,"8":1,"9":1,"10":1,"11":1,"12":1,"13":0},"b":{"1":[1,0],"2":[0,1]},"f":{},"fnMap":{},"statementMap":{"1":{"start":{"line":1,"column":0},"end":{"line":1,"column":35}},"2":{"start":{"line":2,"column":0},"end":{"line":2,"column":37}},"3":{"start":{"line":5,"column":0},"end":{"line":5,"column":52}},"4":{"start":{"line":7,"column":0},"end":{"line":11,"column":29}},"5":{"start":{"line":13,"column":0},"end":{"line":17,"column":30}},"6":{"start":{"line":19,"column":0},"end":{"line":23,"column":27}},"7":{"start":{"line":25,"column":0},"end":{"line":29,"column":26}},"8":{"start":{"line":31,"column":0},"end":{"line":32,"column":110}},"9":{"start":{"line":35,"column":0},"end":{"line":35,"column":28}},"10":{"start":{"line":38,"column":0},"end":{"line":41,"column":1}},"11":{"start":{"line":40,"column":2},"end":{"line":40,"column":23}},"12":{"start":{"line":44,"column":0},"end":{"line":46,"column":1}},"13":{"start":{"line":45,"column":2},"end":{"line":45,"column":35}}},"branchMap":{"1":{"line":38,"type":"if","locations":[{"start":{"line":38,"column":0},"end":{"line":38,"column":0}},{"start":{"line":38,"column":0},"end":{"line":38,"column":0}}]},"2":{"line":44,"type":"if","locations":[{"start":{"line":44,"column":0},"end":{"line":44,"column":0}},{"start":{"line":44,"column":0},"end":{"line":44,"column":0}}]}},"code":["var Program = require('commander');","var Commands = require('./commands');","","// Define the program commands.","Program.version(require('../package.json').version);","","Program","  .command('join [name]')","  .alias('j')","  .description('Join a room with the specified name.')","  .action(Commands.joinRoom);","","Program","  .command('authorize')","  .alias('set-auth')","  .description('Set the access-key token for client authentication.')","  .action(Commands.authorize);","","Program","  .command('whoami')","  .alias('me')","  .description('Display your user information based on the existing token.')","  .action(Commands.whoAmI);","","Program","  .command('rooms')","  .alias('status')","  .description('Display a list of rooms that you are part of.')","  .action(Commands.rooms);","","Program","  .option('--token [token]', 'Set the access-key token for client authentication. This won\\'t be persisted.');","","// Parse the application arguments.","Program.parse(process.argv);","","// Check if there are no arguments.","if (!process.argv.slice(2).length) {","  // Display the application help.","  Program.outputHelp();","}","","// Check if there is a token on the arguments.","if (Program.token) {","  Commands.setToken(Program.token);","}",""],"l":{"1":1,"2":1,"5":1,"7":1,"13":1,"19":1,"25":1,"31":1,"35":1,"38":1,"40":1,"44":1,"45":0}},"/home/travis/build/npmtest/node-npmtest-gitter-cli/node_modules/gitter-cli/lib/commands.js":{"path":"/home/travis/build/npmtest/node-npmtest-gitter-cli/node_modules/gitter-cli/lib/commands.js","s":{"1":1,"2":1,"3":1,"4":1,"5":1,"6":1,"7":0,"8":0,"9":0,"10":0,"11":0,"12":0,"13":0,"14":0,"15":0,"16":0,"17":0,"18":0,"19":0,"20":0,"21":0,"22":0,"23":0,"24":0,"25":0,"26":0,"27":0,"28":0,"29":0,"30":0,"31":0,"32":0,"33":0,"34":0,"35":0,"36":0,"37":0,"38":0,"39":0,"40":0,"41":0,"42":0,"43":0,"44":0,"45":0,"46":0,"47":0,"48":0,"49":1},"b":{"1":[0,0],"2":[0,0],"3":[0,0],"4":[0,0],"5":[0,0],"6":[0,0],"7":[0,0],"8":[0,0]},"f":{"1":0,"2":0,"3":0,"4":0,"5":0,"6":0,"7":0,"8":0,"9":0,"10":0,"11":0,"12":0,"13":0,"14":0,"15":0,"16":0,"17":0,"18":0},"fnMap":{"1":{"name":"(anonymous_1)","line":17,"loc":{"start":{"line":17,"column":26},"end":{"line":17,"column":59}}},"2":{"name":"(anonymous_2)","line":21,"loc":{"start":{"line":21,"column":18},"end":{"line":21,"column":44}}},"3":{"name":"(anonymous_3)","line":23,"loc":{"start":{"line":23,"column":15},"end":{"line":23,"column":27}}},"4":{"name":"(anonymous_4)","line":40,"loc":{"start":{"line":40,"column":13},"end":{"line":40,"column":30}}},"5":{"name":"(anonymous_5)","line":43,"loc":{"start":{"line":43,"column":49},"end":{"line":43,"column":61}}},"6":{"name":"(anonymous_6)","line":73,"loc":{"start":{"line":73,"column":10},"end":{"line":73,"column":22}}},"7":{"name":"(anonymous_7)","line":75,"loc":{"start":{"line":75,"column":73},"end":{"line":75,"column":89}}},"8":{"name":"(anonymous_8)","line":80,"loc":{"start":{"line":80,"column":13},"end":{"line":80,"column":25}}},"9":{"name":"(anonymous_9)","line":92,"loc":{"start":{"line":92,"column":12},"end":{"line":92,"column":32}}},"10":{"name":"(anonymous_10)","line":101,"loc":{"start":{"line":101,"column":47},"end":{"line":101,"column":59}}},"11":{"name":"(anonymous_11)","line":119,"loc":{"start":{"line":119,"column":9},"end":{"line":119,"column":21}}},"12":{"name":"(anonymous_12)","line":127,"loc":{"start":{"line":127,"column":23},"end":{"line":127,"column":40}}},"13":{"name":"(anonymous_13)","line":129,"loc":{"start":{"line":129,"column":36},"end":{"line":129,"column":52}}},"14":{"name":"(anonymous_14)","line":131,"loc":{"start":{"line":131,"column":16},"end":{"line":131,"column":37}}},"15":{"name":"(anonymous_15)","line":139,"loc":{"start":{"line":139,"column":20},"end":{"line":139,"column":43}}},"16":{"name":"(anonymous_16)","line":164,"loc":{"start":{"line":164,"column":12},"end":{"line":164,"column":28}}},"17":{"name":"(anonymous_17)","line":166,"loc":{"start":{"line":166,"column":13},"end":{"line":166,"column":25}}},"18":{"name":"(anonymous_18)","line":177,"loc":{"start":{"line":177,"column":12},"end":{"line":177,"column":29}}}},"statementMap":{"1":{"start":{"line":1,"column":0},"end":{"line":1,"column":21}},"2":{"start":{"line":2,"column":0},"end":{"line":2,"column":29}},"3":{"start":{"line":4,"column":0},"end":{"line":4,"column":42}},"4":{"start":{"line":5,"column":0},"end":{"line":5,"column":36}},"5":{"start":{"line":6,"column":0},"end":{"line":6,"column":52}},"6":{"start":{"line":8,"column":0},"end":{"line":180,"column":2}},"7":{"start":{"line":18,"column":4},"end":{"line":18,"column":26}},"8":{"start":{"line":20,"column":4},"end":{"line":28,"column":5}},"9":{"start":{"line":21,"column":6},"end":{"line":25,"column":9}},"10":{"start":{"line":22,"column":8},"end":{"line":22,"column":24}},"11":{"start":{"line":24,"column":8},"end":{"line":24,"column":23}},"12":{"start":{"line":27,"column":6},"end":{"line":27,"column":22}},"13":{"start":{"line":30,"column":4},"end":{"line":30,"column":25}},"14":{"start":{"line":41,"column":4},"end":{"line":50,"column":5}},"15":{"start":{"line":43,"column":6},"end":{"line":46,"column":9}},"16":{"start":{"line":45,"column":8},"end":{"line":45,"column":70}},"17":{"start":{"line":49,"column":6},"end":{"line":49,"column":23}},"18":{"start":{"line":53,"column":4},"end":{"line":55,"column":6}},"19":{"start":{"line":56,"column":4},"end":{"line":56,"column":86}},"20":{"start":{"line":57,"column":4},"end":{"line":60,"column":6}},"21":{"start":{"line":61,"column":4},"end":{"line":64,"column":7}},"22":{"start":{"line":75,"column":4},"end":{"line":83,"column":7}},"23":{"start":{"line":77,"column":6},"end":{"line":79,"column":8}},"24":{"start":{"line":82,"column":6},"end":{"line":82,"column":44}},"25":{"start":{"line":94,"column":4},"end":{"line":99,"column":5}},"26":{"start":{"line":96,"column":6},"end":{"line":96,"column":68}},"27":{"start":{"line":98,"column":6},"end":{"line":98,"column":22}},"28":{"start":{"line":101,"column":4},"end":{"line":111,"column":7}},"29":{"start":{"line":103,"column":6},"end":{"line":103,"column":42}},"30":{"start":{"line":106,"column":6},"end":{"line":106,"column":28}},"31":{"start":{"line":107,"column":6},"end":{"line":107,"column":26}},"32":{"start":{"line":110,"column":6},"end":{"line":110,"column":52}},"33":{"start":{"line":127,"column":4},"end":{"line":159,"column":6}},"34":{"start":{"line":129,"column":6},"end":{"line":133,"column":12}},"35":{"start":{"line":130,"column":8},"end":{"line":130,"column":32}},"36":{"start":{"line":132,"column":8},"end":{"line":132,"column":41}},"37":{"start":{"line":136,"column":6},"end":{"line":136,"column":25}},"38":{"start":{"line":139,"column":6},"end":{"line":158,"column":9}},"39":{"start":{"line":141,"column":8},"end":{"line":141,"column":33}},"40":{"start":{"line":142,"column":8},"end":{"line":146,"column":9}},"41":{"start":{"line":143,"column":10},"end":{"line":143,"column":70}},"42":{"start":{"line":145,"column":10},"end":{"line":145,"column":71}},"43":{"start":{"line":149,"column":8},"end":{"line":149,"column":73}},"44":{"start":{"line":152,"column":8},"end":{"line":157,"column":11}},"45":{"start":{"line":162,"column":4},"end":{"line":168,"column":9}},"46":{"start":{"line":164,"column":30},"end":{"line":164,"column":50}},"47":{"start":{"line":167,"column":8},"end":{"line":167,"column":46}},"48":{"start":{"line":178,"column":4},"end":{"line":178,"column":59}},"49":{"start":{"line":182,"column":0},"end":{"line":182,"column":36}}},"branchMap":{"1":{"line":20,"type":"if","locations":[{"start":{"line":20,"column":4},"end":{"line":20,"column":4}},{"start":{"line":20,"column":4},"end":{"line":20,"column":4}}]},"2":{"line":20,"type":"binary-expr","locations":[{"start":{"line":20,"column":8},"end":{"line":20,"column":52}},{"start":{"line":20,"column":56},"end":{"line":20,"column":77}}]},"3":{"line":41,"type":"if","locations":[{"start":{"line":41,"column":4},"end":{"line":41,"column":4}},{"start":{"line":41,"column":4},"end":{"line":41,"column":4}}]},"4":{"line":94,"type":"if","locations":[{"start":{"line":94,"column":4},"end":{"line":94,"column":4}},{"start":{"line":94,"column":4},"end":{"line":94,"column":4}}]},"5":{"line":132,"type":"cond-expr","locations":[{"start":{"line":132,"column":30},"end":{"line":132,"column":34}},{"start":{"line":132,"column":37},"end":{"line":132,"column":40}}]},"6":{"line":142,"type":"if","locations":[{"start":{"line":142,"column":8},"end":{"line":142,"column":8}},{"start":{"line":142,"column":8},"end":{"line":142,"column":8}}]},"7":{"line":149,"type":"cond-expr","locations":[{"start":{"line":149,"column":45},"end":{"line":149,"column":56}},{"start":{"line":149,"column":59},"end":{"line":149,"column":72}}]},"8":{"line":154,"type":"cond-expr","locations":[{"start":{"line":154,"column":30},"end":{"line":154,"column":31}},{"start":{"line":154,"column":34},"end":{"line":154,"column":35}}]}},"code":["var Q = require('q');","var chalk = require('chalk');","","var Gitter = require('./core/connection');","var User = require('./models/user');","var Configuration = require('./core/configuration');","","var Commands = {","","  /**","   * Authorization required wrapper.","   *","   * @private","   * @param {bool} requireAuthentication","   * @return {void}","   */","  _requireAuthentication: function (requireAuthentication) {","    var defer = Q.defer();","","    if (typeof requireAuthentication === 'undefined' || requireAuthentication) {","      Gitter.then(function (gitterInstance) {","        defer.resolve();","      }).catch(function () {","        defer.reject();","      });","    } else {","      defer.resolve();","    }","","    return defer.promise;","  },","","  /**","   * Authorize a token or display a message to informe","   * the user how to get it.","   *","   * @param {string} token","   * @return {void}","   */","  authorize: function (token) {","    if (typeof token === 'string') {","      // Set the token based on the user input.","      Configuration.access.setToken(token).catch(function () {","        // Or if the token is not correct, display an error.","        console.log('\\n%s\\n', chalk.red('The token is not correct.'));","      });","","      // Stop the execution of the method.","      return undefined;","    }","","    // Display the \"Go to url\" message with the instructions on the screen.","    console.log('\\nLog in at %s to get your access token.',","      chalk.blue('https://developer.gitter.im/apps')","    );","    console.log('Then, copy your %s and run:\\n', chalk.bold('Personal Access Token'));","    console.log('    %s %s',","      chalk.bold('gitter-cli authorize'),","      chalk.bold(chalk.green('paste-your-token-here'))","    );","    console.log(chalk.dim(","      '\\n\\nVisit the repository to know what\\'s happening behind the scenes:',","      chalk.blue('\\nhttps://github.com/RodrigoEspinosa/gitter-cli')","    ));","  },","","  /**","   * Display current user information or \"You are not logged in.\"","   * message if the user doesn't have a valid token.","   *","   * @return {void}","   */","  whoAmI: function () {","    // Get the logged in user instance.","    Commands._requireAuthentication(true).then(User.getCurrentUser).then(function (user) {","      // Display the user display name and username.","      console.log('\\n     You are: %s (%s)\\n',","        chalk.bold(user.displayName), user.username","      );","    }).catch(function () {","      // Display an unauthenticated user message.","      console.log('You are not logged in.');","    });","  },","","  /**","   * Join a room an display the interface for the chat.","   *","   * @param {string} roomName","   * @return {void}","   */","  joinRoom: function (roomName) {","    // Ensure that the room name is a string.","    if (typeof roomName !== 'string') {","      // If the room name is not a string, display a error message.","      console.log(chalk.red('You must provide a valid room name.'));","      // Finish the script excecution.","      process.exit(1);","    }","","    Commands._requireAuthentication(true).then(function () {","      // Require the `Room` model.","      var Room = require('./models/room');","","      // Try to join a room.","      var room = new Room();","      room.join(roomName);","","      // Load the user interface.","      var ui = require('./ui/main')({ room: room });","    });","  },","","  /**","   * Displays a list of rooms that the users is part of.","   *","   * @return {void}","   */","  rooms: function () {","    /**","     * Display every room on the rooms lists with a color","     * based on the unreadItems.","     *","     * @param {list}","     * @return {void}","     */","    var displayRooms = function (rooms) {","      // Get the maximum room length name of the list.","      var maxRoomLength = rooms.map(function (room) {","        return room.name.length;","      }).reduce(function (prev, val) {","        return (prev > val) ? prev : val;","      }, 0);","","      // Increase the max room length to consider the space.","      maxRoomLength += 1;","","      // Display every room.","      rooms.forEach(function (room, index) {","        // Set the format for the room name.","        var roomName = room.name;","        if (roomName.length > maxRoomLength) {","          roomName = roomName.substring(0, maxRoomLength - 3) + '...';","        } else {","          roomName += Array(maxRoomLength - roomName.length).join(' ');","        }","","        // Get the badge for the current item based on the number of unread messages.","        var badge = (room.unreadItems > 0) ? chalk.green : chalk.bgBlack;","","        // Display the item in the console.","        console.log(badge(","          ++index + '.',                        // Display the index number.","          Array((index > 9) ? 4 : 5).join(' '), // Display a empty amount of spaces.","          roomName,                             // Display the room name.","          room.unreadItems                      // Display the unread messages count.","        ));","      });","    };","","    // Display each of the user rooms if the user is authenticated.","    Commands._requireAuthentication(true)","      .then(User.getCurrentUser)","      .then(function (user) { return user.rooms(); })","      .then(displayRooms)","      .catch(function () {","        console.log('You are not logged in.');","      });","  },","","  /**","   * Set the access token to be the specified token.","   *","   * @param {string} token","   * @return {void}","   */","  setToken: function (token) {","    require('./core/configuration').access.setToken(token);","  }","};","","exports = module.exports = Commands;",""],"l":{"1":1,"2":1,"4":1,"5":1,"6":1,"8":1,"18":0,"20":0,"21":0,"22":0,"24":0,"27":0,"30":0,"41":0,"43":0,"45":0,"49":0,"53":0,"56":0,"57":0,"61":0,"75":0,"77":0,"82":0,"94":0,"96":0,"98":0,"101":0,"103":0,"106":0,"107":0,"110":0,"127":0,"129":0,"130":0,"132":0,"136":0,"139":0,"141":0,"142":0,"143":0,"145":0,"149":0,"152":0,"162":0,"164":0,"167":0,"178":0,"182":1}},"/home/travis/build/npmtest/node-npmtest-gitter-cli/node_modules/gitter-cli/lib/core/connection.js":{"path":"/home/travis/build/npmtest/node-npmtest-gitter-cli/node_modules/gitter-cli/lib/core/connection.js","s":{"1":1,"2":1,"3":1,"4":1,"5":1,"6":1,"7":1,"8":1,"9":1,"10":0,"11":1,"12":1},"b":{},"f":{"1":1,"2":1,"3":0},"fnMap":{"1":{"name":"(anonymous_1)","line":5,"loc":{"start":{"line":5,"column":25},"end":{"line":5,"column":37}}},"2":{"name":"(anonymous_2)","line":8,"loc":{"start":{"line":8,"column":39},"end":{"line":8,"column":56}}},"3":{"name":"(anonymous_3)","line":15,"loc":{"start":{"line":15,"column":11},"end":{"line":15,"column":26}}}},"statementMap":{"1":{"start":{"line":1,"column":0},"end":{"line":1,"column":21}},"2":{"start":{"line":2,"column":0},"end":{"line":2,"column":36}},"3":{"start":{"line":3,"column":0},"end":{"line":3,"column":47}},"4":{"start":{"line":5,"column":0},"end":{"line":20,"column":2}},"5":{"start":{"line":6,"column":2},"end":{"line":6,"column":34}},"6":{"start":{"line":8,"column":2},"end":{"line":17,"column":5}},"7":{"start":{"line":9,"column":4},"end":{"line":9,"column":35}},"8":{"start":{"line":11,"column":4},"end":{"line":11,"column":39}},"9":{"start":{"line":13,"column":4},"end":{"line":13,"column":36}},"10":{"start":{"line":16,"column":4},"end":{"line":16,"column":32}},"11":{"start":{"line":19,"column":2},"end":{"line":19,"column":33}},"12":{"start":{"line":22,"column":0},"end":{"line":22,"column":48}}},"branchMap":{},"code":["var Q = require('q');","var Gitter = require('node-gitter');","var configuration = require('./configuration');","","var getTokenAndConnect = function () {","  var connectionDefer = Q.defer();","","  configuration.access.getToken().then(function (token) {","    var gitter = new Gitter(token);","","    gitter.reload = getTokenAndConnect;","","    connectionDefer.resolve(gitter);","","  }).catch(function (err) {","    connectionDefer.reject(err);","  });","","  return connectionDefer.promise;","};","","exports = module.exports = getTokenAndConnect();",""],"l":{"1":1,"2":1,"3":1,"5":1,"6":1,"8":1,"9":1,"11":1,"13":1,"16":0,"19":1,"22":1}},"/home/travis/build/npmtest/node-npmtest-gitter-cli/node_modules/gitter-cli/lib/core/configuration.js":{"path":"/home/travis/build/npmtest/node-npmtest-gitter-cli/node_modules/gitter-cli/lib/core/configuration.js","s":{"1":1,"2":1,"3":1,"4":1,"5":1,"6":0,"7":1,"8":1,"9":1,"10":0,"11":0,"12":1,"13":1,"14":0,"15":1,"16":1,"17":0,"18":1,"19":1,"20":1,"21":0,"22":0,"23":0,"24":0,"25":0,"26":0,"27":0,"28":0,"29":0,"30":0,"31":0,"32":0,"33":0,"34":0,"35":1},"b":{"1":[0,1],"2":[0,1],"3":[0,0],"4":[0,0],"5":[0,0]},"f":{"1":0,"2":1,"3":1,"4":0,"5":1,"6":0,"7":0},"fnMap":{"1":{"name":"(anonymous_1)","line":15,"loc":{"start":{"line":15,"column":16},"end":{"line":15,"column":36}}},"2":{"name":"(anonymous_2)","line":24,"loc":{"start":{"line":24,"column":20},"end":{"line":24,"column":32}}},"3":{"name":"(anonymous_3)","line":33,"loc":{"start":{"line":33,"column":15},"end":{"line":33,"column":27}}},"4":{"name":"(anonymous_4)","line":57,"loc":{"start":{"line":57,"column":21},"end":{"line":57,"column":38}}},"5":{"name":"(anonymous_5)","line":66,"loc":{"start":{"line":66,"column":14},"end":{"line":66,"column":26}}},"6":{"name":"(anonymous_6)","line":106,"loc":{"start":{"line":106,"column":14},"end":{"line":106,"column":31}}},"7":{"name":"(anonymous_7)","line":136,"loc":{"start":{"line":136,"column":62},"end":{"line":136,"column":77}}}},"statementMap":{"1":{"start":{"line":1,"column":0},"end":{"line":1,"column":23}},"2":{"start":{"line":2,"column":0},"end":{"line":2,"column":27}},"3":{"start":{"line":3,"column":0},"end":{"line":3,"column":21}},"4":{"start":{"line":4,"column":0},"end":{"line":4,"column":35}},"5":{"start":{"line":6,"column":0},"end":{"line":152,"column":2}},"6":{"start":{"line":16,"column":4},"end":{"line":16,"column":88}},"7":{"start":{"line":25,"column":4},"end":{"line":25,"column":82}},"8":{"start":{"line":34,"column":4},"end":{"line":38,"column":5}},"9":{"start":{"line":35,"column":6},"end":{"line":35,"column":58}},"10":{"start":{"line":37,"column":6},"end":{"line":37,"column":16}},"11":{"start":{"line":58,"column":6},"end":{"line":58,"column":18}},"12":{"start":{"line":74,"column":6},"end":{"line":74,"column":31}},"13":{"start":{"line":77,"column":6},"end":{"line":80,"column":7}},"14":{"start":{"line":79,"column":8},"end":{"line":79,"column":39}},"15":{"start":{"line":83,"column":6},"end":{"line":83,"column":52}},"16":{"start":{"line":86,"column":6},"end":{"line":94,"column":7}},"17":{"start":{"line":87,"column":8},"end":{"line":87,"column":80}},"18":{"start":{"line":90,"column":8},"end":{"line":90,"column":66}},"19":{"start":{"line":93,"column":8},"end":{"line":93,"column":46}},"20":{"start":{"line":97,"column":6},"end":{"line":97,"column":30}},"21":{"start":{"line":115,"column":6},"end":{"line":115,"column":31}},"22":{"start":{"line":118,"column":6},"end":{"line":145,"column":7}},"23":{"start":{"line":120,"column":8},"end":{"line":122,"column":9}},"24":{"start":{"line":121,"column":10},"end":{"line":121,"column":68}},"25":{"start":{"line":125,"column":8},"end":{"line":125,"column":36}},"26":{"start":{"line":128,"column":8},"end":{"line":128,"column":54}},"27":{"start":{"line":131,"column":8},"end":{"line":131,"column":52}},"28":{"start":{"line":133,"column":8},"end":{"line":133,"column":56}},"29":{"start":{"line":136,"column":8},"end":{"line":141,"column":11}},"30":{"start":{"line":137,"column":10},"end":{"line":137,"column":40}},"31":{"start":{"line":137,"column":19},"end":{"line":137,"column":40}},"32":{"start":{"line":140,"column":10},"end":{"line":140,"column":29}},"33":{"start":{"line":144,"column":8},"end":{"line":144,"column":53}},"34":{"start":{"line":149,"column":6},"end":{"line":149,"column":30}},"35":{"start":{"line":154,"column":0},"end":{"line":154,"column":41}}},"branchMap":{"1":{"line":77,"type":"if","locations":[{"start":{"line":77,"column":6},"end":{"line":77,"column":6}},{"start":{"line":77,"column":6},"end":{"line":77,"column":6}}]},"2":{"line":86,"type":"if","locations":[{"start":{"line":86,"column":6},"end":{"line":86,"column":6}},{"start":{"line":86,"column":6},"end":{"line":86,"column":6}}]},"3":{"line":118,"type":"if","locations":[{"start":{"line":118,"column":6},"end":{"line":118,"column":6}},{"start":{"line":118,"column":6},"end":{"line":118,"column":6}}]},"4":{"line":120,"type":"if","locations":[{"start":{"line":120,"column":8},"end":{"line":120,"column":8}},{"start":{"line":120,"column":8},"end":{"line":120,"column":8}}]},"5":{"line":137,"type":"if","locations":[{"start":{"line":137,"column":10},"end":{"line":137,"column":10}},{"start":{"line":137,"column":10},"end":{"line":137,"column":10}}]}},"code":["var Fs = require('fs');","var Path = require('path');","var Q = require('q');","var Keychain = require('keychain');","","var Configuration = {","  secretsFileLocation: Path.join(__dirname, 'secrets.json'),","","  /**","   * Load the secrets file. `fs.readFile` wrapper.","   *","   * @param {function} callback.","   * @return {function}","   */","  _loadSecrets: function (callback) {","    return Fs.readFile(Configuration.secretsFileLocation, {encoding: 'utf8'}, callback);","  },","","  /**","   * Synchronously load the secrets file.","   *","   * @return {string}","   */","  _loadSecretsSync: function () {","    return Fs.readFileSync(Configuration.secretsFileLocation, {encoding: 'utf8'});","  },","","  /**","   * Get the contents of the secret file.","   *","   * @return {object}","   */","  _getSecrets: function () {","    try {","      return JSON.parse(Configuration._loadSecretsSync());","    } catch (error) {","      return {};","    }","  },","","  /**","   * Store the current session token.","   *","   * @static","   */","  token: null,","","  access: {","    /**","     * TODO Needs to be implemented.","     * Check if token is correct.","     *","     * @private","     * @param {String} token.","     * @return {boolean}","     */","    _isTokenCorrect: function (token) {","      return true;","    },","","    /**","     * Get the token from the secrets file.","     *","     * @return {promise}","     */","    getToken: function () {","      // TODO Sync this","      // return Keychain.getPassword({","      //   account: 'default',","      //   service: 'gitter-cli'","      // });","","      // Construct the promise instance.","      var deferred = Q.defer();","","      // Check if the session token already exists.","      if (Configuration.token !== null) {","        // Resolve the promise with the existing token.","        return deferred.resolve(token);","      }","","      // Read the json formatted file where the secrets settings lives.","      var secretsData = Configuration._getSecrets();","","      // Ensure that the secrets has an authentication-token attribute.","      if (!secretsData.hasOwnProperty('authentication-token')) {","        deferred.reject(new Error('Secrets file has no authentication-token.'));","      } else {","        // Set the configuration token.","        Configuration.token = secretsData['authentication-token'];","","        // Resolve the promise with the token.","        deferred.resolve(Configuration.token);","      }","","      // Return the promise object.","      return deferred.promise;","    },","","    /**","     * Set the token for the secrets file.","     *","     * @param {string} token","     * @return {void}","     */","    setToken: function (token) {","      // TODO Add this................","      // return Keychain.setPassword({","      //   account: 'default',","      //   service: 'gitter-cli',","      //   password: token","      // });","      // TODO end this................","","      var deferred = Q.defer();","","      // Check if the token is correct.","      if (Configuration.access._isTokenCorrect(token)) {","        // Ensure that the secrets file exists.","        if (!Fs.existsSync(Configuration.secretsFileLocation)) {","          Fs.writeFileSync(Configuration.secretsFileLocation, '{}');","        }","","        // Save the token into the configuration attribute.","        Configuration.token = token;","","        // Get an object with the secrets content.","        var secretsData = Configuration._getSecrets();","","        // Set the configuration token on the data.","        secretsData['authentication-token'] = token;","","        var data = JSON.stringify(secretsData, null, 2);","","        // Update the secrets file with the upadted token.","        Fs.writeFile(Configuration.secretsFileLocation, data, function (err) {","          if (err) deferred.reject(err);","","          // Resolve the promise.","          deferred.resolve();","        });","      } else {","        // Reject the promise with \"Invalid token\" error.","        deferred.reject(new Error('Invalid token.'));","      }","","","      // Return the promise.","      return deferred.promise;","    }","  }","};","","exports = module.exports = Configuration;",""],"l":{"1":1,"2":1,"3":1,"4":1,"6":1,"16":0,"25":1,"34":1,"35":1,"37":0,"58":0,"74":1,"77":1,"79":0,"83":1,"86":1,"87":0,"90":1,"93":1,"97":1,"115":0,"118":0,"120":0,"121":0,"125":0,"128":0,"131":0,"133":0,"136":0,"137":0,"140":0,"144":0,"149":0,"154":1}},"/home/travis/build/npmtest/node-npmtest-gitter-cli/node_modules/gitter-cli/lib/models/user.js":{"path":"/home/travis/build/npmtest/node-npmtest-gitter-cli/node_modules/gitter-cli/lib/models/user.js","s":{"1":1,"2":1,"3":1,"4":1,"5":0,"6":1,"7":1,"8":1,"9":1,"10":0,"11":0,"12":1,"13":0,"14":1,"15":0,"16":0,"17":0,"18":1,"19":0,"20":0,"21":0,"22":0,"23":1,"24":0,"25":0,"26":0,"27":0,"28":0,"29":0,"30":1,"31":0,"32":0,"33":0,"34":0,"35":0,"36":0,"37":0,"38":1,"39":0,"40":0,"41":0,"42":1},"b":{"1":[0,0],"2":[0,0],"3":[0,0],"4":[0,0],"5":[0,0],"6":[0,0],"7":[0,0]},"f":{"1":0,"2":0,"3":0,"4":0,"5":0,"6":0,"7":0,"8":0,"9":0,"10":0,"11":0,"12":0},"fnMap":{"1":{"name":"(anonymous_1)","line":9,"loc":{"start":{"line":9,"column":25},"end":{"line":9,"column":37}}},"2":{"name":"(anonymous_2)","line":18,"loc":{"start":{"line":18,"column":11},"end":{"line":18,"column":27}}},"3":{"name":"(anonymous_3)","line":37,"loc":{"start":{"line":37,"column":26},"end":{"line":37,"column":38}}},"4":{"name":"(anonymous_4)","line":48,"loc":{"start":{"line":48,"column":29},"end":{"line":48,"column":41}}},"5":{"name":"(anonymous_5)","line":56,"loc":{"start":{"line":56,"column":32},"end":{"line":56,"column":44}}},"6":{"name":"(anonymous_6)","line":68,"loc":{"start":{"line":68,"column":32},"end":{"line":68,"column":44}}},"7":{"name":"(anonymous_7)","line":81,"loc":{"start":{"line":81,"column":22},"end":{"line":81,"column":34}}},"8":{"name":"(anonymous_8)","line":84,"loc":{"start":{"line":84,"column":14},"end":{"line":84,"column":32}}},"9":{"name":"(anonymous_9)","line":85,"loc":{"start":{"line":85,"column":30},"end":{"line":85,"column":53}}},"10":{"name":"(ano
[...]
"column":4},"end":{"line":51,"column":73}},"24":{"start":{"line":54,"column":2},"end":{"line":61,"column":4}},"25":{"start":{"line":63,"column":2},"end":{"line":63,"column":52}},"26":{"start":{"line":65,"column":2},"end":{"line":65,"column":50}},"27":{"start":{"line":68,"column":2},"end":{"line":68,"column":30}},"28":{"start":{"line":69,"column":2},"end":{"line":69,"column":27}},"29":{"start":{"line":77,"column":0},"end":{"line":81,"column":2}},"30":{"start":{"line":78,"column":2},"end":{"line":80,"column":3}},"31":{"start":{"line":79,"column":4},"end":{"line":79,"column":50}},"32":{"start":{"line":88,"column":0},"end":{"line":92,"column":2}},"33":{"start":{"line":89,"column":2},"end":{"line":91,"column":3}},"34":{"start":{"line":90,"column":4},"end":{"line":90,"column":50}},"35":{"start":{"line":95,"column":0},"end":{"line":95,"column":39}}},"branchMap":{"1":{"line":9,"type":"if","locations":[{"start":{"line":9,"column":2},"end":{"line":9,"column":2}},{"start":{"line":9,"column":2},"end":{"line":9,"column":2}}]},"2":{"line":13,"type":"binary-expr","locations":[{"start":{"line":13,"column":12},"end":{"line":13,"column":19}},{"start":{"line":13,"column":23},"end":{"line":13,"column":25}}]},"3":{"line":50,"type":"if","locations":[{"start":{"line":50,"column":2},"end":{"line":50,"column":2}},{"start":{"line":50,"column":2},"end":{"line":50,"column":2}}]},"4":{"line":56,"type":"binary-expr","locations":[{"start":{"line":56,"column":11},"end":{"line":56,"column":21}},{"start":{"line":56,"column":25},"end":{"line":56,"column":31}}]},"5":{"line":57,"type":"cond-expr","locations":[{"start":{"line":57,"column":29},"end":{"line":57,"column":30}},{"start":{"line":57,"column":33},"end":{"line":57,"column":34}}]},"6":{"line":78,"type":"if","locations":[{"start":{"line":78,"column":2},"end":{"line":78,"column":2}},{"start":{"line":78,"column":2},"end":{"line":78,"column":2}}]},"7":{"line":89,"type":"if","locations":[{"start":{"line":89,"column":2},"end":{"line":89,"column":2}},{"start":{"line":89,"column":2},"end":{"line":89,"column":2}}]}},"code":["var Blessed = require('blessed');","var wordwrap = require('wordwrap');","","var logger = require('../../core/logger');","","var ChatHistoryMessage = require('./chat-history-message');","","var ChatHistory = function (options) {","  if (!(this instanceof Blessed.Node)) {","    return new ChatHistory(options);","  }","","  options = options || {};","  options.shrink = true;","  Blessed.Element.call(this, options);","};","","ChatHistory.prototype = Object.create(Blessed.Element.prototype);","ChatHistory.prototype.type = 'chatHistory';","","// Set an empty collection for storing the current messages in the chat history.","ChatHistory.prototype.messages = [];","","ChatHistory.prototype.getTotalLines = function () {","  return this.children.map(function (node) {","    return node.message.linesAmount;","  }).reduce(function (prevVal, actualVal) {","    return prevVal + actualVal;","  }, 0);","};","","/**"," * Get the last message from the message history."," *"," * @returns {object}"," */","ChatHistory.prototype.getLastMessage = function () {","  return this.messages[this.messages.length - 1];","};","","/**"," * Add a message to the chat history board."," *"," * @param {string}"," * @return {void}"," */","ChatHistory.prototype.addMessage = function (message) {","  // Check if the last message is from the same author.","  var isSameAuthor = false;","  if (this.messages.length > 0) {","    isSameAuthor = this.getLastMessage().author.id === message.author.id;","  }","","  var options = {","    screen: this.screen,","    align: this.align || 'left',","    right: (this.scrollbar ? 1 : 0),","    tags: this.parseTags,","    displayAuthorName: !isSameAuthor,","    model: message,","  };","","  var chatMessage = new ChatHistoryMessage(options);","","  chatMessage.position.top = this.getTotalLines();","","  // Add the message to the chat history messages collection.","  this.messages.push(message);","  this.append(chatMessage);","};","","/**"," * Scroll the chat history board one line up."," *"," * @return {void}"," */","ChatHistory.prototype.scrollUp = function () {","  if (this.getScrollPerc() > 0) {","    this.setScrollPerc(this.getScrollPerc() - 10);","  }","};","","/**"," * Scroll the chat history board one line down."," *"," * @return {void}"," */","ChatHistory.prototype.scrollDown = function () {","  if (this.getScrollPerc() < 100) {","    this.setScrollPerc(this.getScrollPerc() + 10);","  }","};","","","exports = module.exports = ChatHistory;",""],"l":{"1":1,"2":1,"4":1,"6":1,"8":1,"9":0,"10":0,"13":0,"14":0,"15":0,"18":1,"19":1,"22":1,"24":1,"25":0,"26":0,"28":0,"37":1,"38":0,"47":1,"49":0,"50":0,"51":0,"54":0,"63":0,"65":0,"68":0,"69":0,"77":1,"78":0,"79":0,"88":1,"89":0,"90":0,"95":1}},"/home/travis/build/npmtest/node-npmtest-gitter-cli/node_modules/gitter-cli/lib/ui/widgets/chat-history-message.js":{"path":"/home/travis/build/npmtest/node-npmtest-gitter-cli/node_modules/gitter-cli/lib/ui/widgets/chat-history-message.js","s":{"1":1,"2":1,"3":1,"4":1,"5":1,"6":1,"7":1,"8":1,"9":0,"10":0,"11":0,"12":0,"13":0,"14":0,"15":0,"16":0,"17":0,"18":0,"19":0,"20":0,"21":0,"22":0,"23":0,"24":1,"25":1,"26":1,"27":0,"28":0,"29":0,"30":0,"31":1,"32":0,"33":0,"34":0,"35":0,"36":0,"37":0,"38":0,"39":0,"40":0,"41":0,"42":0,"43":0,"44":0,"45":0,"46":0,"47":0,"48":0,"49":0,"50":1,"51":0,"52":0,"53":1},"b":{"1":[0,0],"2":[0,0],"3":[0,0],"4":[0,0],"5":[0,0],"6":[0,0],"7":[0,0],"8":[0,0],"9":[0,0]},"f":{"1":0,"2":0,"3":0,"4":0,"5":0},"fnMap":{"1":{"name":"(anonymous_1)","line":25,"loc":{"start":{"line":25,"column":25},"end":{"line":25,"column":44}}},"2":{"name":"(anonymous_2)","line":79,"loc":{"start":{"line":79,"column":41},"end":{"line":79,"column":74}}},"3":{"name":"(anonymous_3)","line":99,"loc":{"start":{"line":99,"column":46},"end":{"line":99,"column":65}}},"4":{"name":"(anonymous_4)","line":124,"loc":{"start":{"line":124,"column":46},"end":{"line":124,"column":69}}},"5":{"name":"(anonymous_5)","line":157,"loc":{"start":{"line":157,"column":46},"end":{"line":157,"column":69}}}},"statementMap":{"1":{"start":{"line":1,"column":0},"end":{"line":1,"column":33}},"2":{"start":{"line":2,"column":0},"end":{"line":2,"column":42}},"3":{"start":{"line":3,"column":0},"end":{"line":3,"column":41}},"4":{"start":{"line":4,"column":0},"end":{"line":4,"column":39}},"5":{"start":{"line":6,"column":0},"end":{"line":6,"column":36}},"6":{"start":{"line":7,"column":0},"end":{"line":7,"column":35}},"7":{"start":{"line":10,"column":0},"end":{"line":16,"column":3}},"8":{"start":{"line":25,"column":0},"end":{"line":67,"column":2}},"9":{"start":{"line":27,"column":2},"end":{"line":29,"column":3}},"10":{"start":{"line":28,"column":4},"end":{"line":28,"column":43}},"11":{"start":{"line":32,"column":2},"end":{"line":32,"column":26}},"12":{"start":{"line":33,"column":2},"end":{"line":33,"column":24}},"13":{"start":{"line":34,"column":2},"end":{"line":34,"column":22}},"14":{"start":{"line":35,"column":2},"end":{"line":35,"column":18}},"15":{"start":{"line":36,"column":2},"end":{"line":36,"column":19}},"16":{"start":{"line":37,"column":2},"end":{"line":39,"column":4}},"17":{"start":{"line":48,"column":2},"end":{"line":48,"column":34}},"18":{"start":{"line":50,"column":2},"end":{"line":50,"column":53}},"19":{"start":{"line":53,"column":2},"end":{"line":53,"column":55}},"20":{"start":{"line":56,"column":2},"end":{"line":59,"column":4}},"21":{"start":{"line":62,"column":2},"end":{"line":62,"column":38}},"22":{"start":{"line":65,"column":2},"end":{"line":65,"column":41}},"23":{"start":{"line":66,"column":2},"end":{"line":66,"column":26}},"24":{"start":{"line":69,"column":0},"end":{"line":69,"column":68}},"25":{"start":{"line":70,"column":0},"end":{"line":70,"column":57}},"26":{"start":{"line":79,"column":0},"end":{"line":91,"column":2}},"27":{"start":{"line":81,"column":2},"end":{"line":81,"column":38}},"28":{"start":{"line":82,"column":2},"end":{"line":82,"column":38}},"29":{"start":{"line":85,"column":2},"end":{"line":87,"column":5}},"30":{"start":{"line":90,"column":2},"end":{"line":90,"column":21}},"31":{"start":{"line":99,"column":0},"end":{"line":149,"column":2}},"32":{"start":{"line":100,"column":2},"end":{"line":100,"column":51}},"33":{"start":{"line":102,"column":2},"end":{"line":106,"column":3}},"34":{"start":{"line":103,"column":4},"end":{"line":103,"column":45}},"35":{"start":{"line":104,"column":9},"end":{"line":106,"column":3}},"36":{"start":{"line":105,"column":4},"end":{"line":105,"column":70}},"37":{"start":{"line":110,"column":2},"end":{"line":113,"column":33}},"38":{"start":{"line":116,"column":2},"end":{"line":116,"column":61}},"39":{"start":{"line":119,"column":2},"end":{"line":133,"column":3}},"40":{"start":{"line":121,"column":4},"end":{"line":121,"column":57}},"41":{"start":{"line":124,"column":4},"end":{"line":132,"column":18}},"42":{"start":{"line":126,"column":6},"end":{"line":128,"column":7}},"43":{"start":{"line":127,"column":8},"end":{"line":127,"column":20}},"44":{"start":{"line":131,"column":6},"end":{"line":131,"column":54}},"45":{"start":{"line":135,"column":2},"end":{"line":135,"column":22}},"46":{"start":{"line":136,"column":2},"end":{"line":145,"column":3}},"47":{"start":{"line":138,"column":4},"end":{"line":142,"column":6}},"48":{"start":{"line":144,"column":4},"end":{"line":144,"column":52}},"49":{"start":{"line":148,"column":2},"end":{"line":148,"column":55}},"50":{"start":{"line":157,"column":0},"end":{"line":160,"column":2}},"51":{"start":{"line":158,"column":2},"end":{"line":158,"column":58}},"52":{"start":{"line":159,"column":2},"end":{"line":159,"column":59}},"53":{"start":{"line":162,"column":0},"end":{"line":162,"column":46}}},"branchMap":{"1":{"line":27,"type":"if","locations":[{"start":{"line":27,"column":2},"end":{"line":27,"column":2}},{"start":{"line":27,"column":2},"end":{"line":27,"column":2}}]},"2":{"line":32,"type":"binary-expr","locations":[{"start":{"line":32,"column":12},"end":{"line":32,"column":19}},{"start":{"line":32,"column":23},"end":{"line":32,"column":25}}]},"3":{"line":86,"type":"binary-expr","locations":[{"start":{"line":86,"column":14},"end":{"line":86,"column":22}},{"start":{"line":86,"column":26},"end":{"line":86,"column":28}}]},"4":{"line":102,"type":"if","locations":[{"start":{"line":102,"column":2},"end":{"line":102,"column":2}},{"start":{"line":102,"column":2},"end":{"line":102,"column":2}}]},"5":{"line":104,"type":"if","locations":[{"start":{"line":104,"column":9},"end":{"line":104,"column":9}},{"start":{"line":104,"column":9},"end":{"line":104,"column":9}}]},"6":{"line":119,"type":"if","locations":[{"start":{"line":119,"column":2},"end":{"line":119,"column":2}},{"start":{"line":119,"column":2},"end":{"line":119,"column":2}}]},"7":{"line":126,"type":"if","locations":[{"start":{"line":126,"column":6},"end":{"line":126,"column":6}},{"start":{"line":126,"column":6},"end":{"line":126,"column":6}}]},"8":{"line":136,"type":"if","locations":[{"start":{"line":136,"column":2},"end":{"line":136,"column":2}},{"start":{"line":136,"column":2},"end":{"line":136,"column":2}}]},"9":{"line":159,"type":"cond-expr","locations":[{"start":{"line":159,"column":36},"end":{"line":159,"column":54}},{"start":{"line":159,"column":57},"end":{"line":159,"column":58}}]}},"code":["var Blessed = require('blessed');","var Marked = require('../../core/marked');","var HtmlToText = require('html-to-text');","var Styles = require('../styles.json');","","var format = require('util').format;","var wordwrap = require('wordwrap');","","// Set the lexer to be compatible with GitHub flavored markdown.","var Lexer = new Marked.Lexer({","  gfm: true,","  tables: false,","  pedantic: true,","  sanitize: true,","  smartypants: true","});","","","/**"," * ChatHistoryMessage, inherits from `Blessed.Box`"," *"," * @param {object} options (optional)"," * @return {object}"," */","var ChatHistoryMessage = function (options) {","  // Ensure the `new` instance.","  if (!(this instanceof Blessed.Node)) {","    return new ChatHistoryMessage(options);","  }","","  // Override some options.","  options = options || {};","  options.shrink = true;","  options.tags = true;","  options.top = 0;","  options.left = 0;","  options.style = {","    bg: Styles['chat-history-message'].bg,","  };","","  // // Check if the message is unread.","  // if (model.messageInstance.unread) {","  //   // Set a highlighted background color.","  //   options.style.bg = '#888';","  // }","","  // Call the super.","  Blessed.Box.call(this, options);","","  this.displayAuthorName = options.displayAuthorName;","","  // Get the `chatHistoryMessage` content.","  var messageText = this.getMessageText(options.model);","","  // Create the message object for the current instance.","  this.message = {","    content: messageText,","    linesAmount: this.getLinesAmount(messageText)","  };","","  // Set the instance content to be the parsed text message.","  this.content = this.message.content;","","  // Set the instance height to match the message lines.","  this.height = this.message.linesAmount;","  this.rows = this.height;","};","","ChatHistoryMessage.prototype = Object.create(Blessed.Box.prototype);","ChatHistoryMessage.prototype.type = 'chatHistoryMessage';","","/**"," * Parse the text to be inserted in the chat history."," *"," * @param {string} messageText"," * @param {number} wordwrap"," * @return {string}"," */","ChatHistoryMessage.prototype.parseText = function (messageText, wordwrap) {","  // Tokenize and parse the original text using the blessed-markdown parser.","  var tokens = Lexer.lex(messageText);","  messageText = Marked.parser(tokens);","","  // Convert any unconsiderated HTML to text.","  messageText = HtmlToText.fromString(messageText, {","    wordwrap: wordwrap || 80","  });","","  // Return the clean message text.","  return messageText;","};","","/**"," * Render the text to be inserted in the chat history."," *"," * @param {string} message"," * @return {string}"," */","ChatHistoryMessage.prototype.getMessageText = function (message) {","  var authorName = message.author.getDisplayName();","","  if (authorName.length > 18) {","    authorName = authorName.substring(0, 17);","  } else if (authorName.length < 18) {","    authorName = authorName + Array(18 - authorName.length).join(' ');","  }","","  // Previous author length:","  // message.author.getDisplayName().length + 3","  var authorLength = 18,","      parentWidth = this.screen.width,","      messageMaxWidth = this.screen.width - authorLength - 4,","      messageText = message.text;","","  // Parse the current text.","  messageText = this.parseText(messageText, messageMaxWidth);","","  // Check if the message text is smaller than the max for the screen.","  if (messageText.length > messageMaxWidth) {","    // Word wrap the original message.","    messageText = wordwrap(messageMaxWidth)(messageText);","","    // Process the message text.","    messageText = messageText.split('\\n').map(function (line, index) {","      // If is the first line, then leave it as it is.","      if (index < 1) {","        return line;","      }","","      // Append a number `authorLength` number of spaces before the line.","      return Array(authorLength + 1).join(' ') + line;","    }).join('\\n');","  }","","  var authorWithColor;","  if (this.displayAuthorName) {","    // Get the author name with his distintive display color.","    authorWithColor = format('{%s-fg}%s{/%s-fg}',","      message.author.getAuthorColor(),","      authorName,","      message.author.getAuthorColor()","    );","  } else {","    authorWithColor = Array(authorLength).join(' ');","  }","","  // Return the parsed text with a `{author}: {message}` format.","  return format('%s %s', authorWithColor, messageText);","};","","/**"," * Return the amount of lines."," *"," * @param {string} messageText"," * @return {number}"," */","ChatHistoryMessage.prototype.getLinesAmount = function (messageText) {","  var amountOfLineBrakes = messageText.split('\\n').length;","  return (amountOfLineBrakes > 0) ? amountOfLineBrakes : 1;","};","","exports = module.exports = ChatHistoryMessage;",""],"l":{"1":1,"2":1,"3":1,"4":1,"6":1,"7":1,"10":1,"25":1,"27":0,"28":0,"32":0,"33":0,"34":0,"35":0,"36":0,"37":0,"48":0,"50":0,"53":0,"56":0,"62":0,"65":0,"66":0,"69":1,"70":1,"79":1,"81":0,"82":0,"85":0,"90":0,"99":1,"100":0,"102":0,"103":0,"104":0,"105":0,"110":0,"116":0,"119":0,"121":0,"124":0,"126":0,"127":0,"131":0,"135":0,"136":0,"138":0,"144":0,"148":0,"157":1,"158":0,"159":0,"162":1}},"/home/travis/build/npmtest/node-npmtest-gitter-cli/node_modules/gitter-cli/lib/ui/loading.js":{"path":"/home/travis/build/npmtest/node-npmtest-gitter-cli/node_modules/gitter-cli/lib/ui/loading.js","s":{"1":1,"2":1,"3":0},"b":{},"f":{"1":0},"fnMap":{"1":{"name":"(anonymous_1)","line":3,"loc":{"start":{"line":3,"column":27},"end":{"line":3,"column":46}}}},"statementMap":{"1":{"start":{"line":1,"column":0},"end":{"line":1,"column":33}},"2":{"start":{"line":3,"column":0},"end":{"line":6,"column":2}},"3":{"start":{"line":5,"column":2},"end":{"line":5,"column":27}}},"branchMap":{},"code":["var Blessed = require('blessed');","","exports = module.exports = function (context) {","  // Return a new blessed `Loading` instance.","  return Blessed.loading();","};",""],"l":{"1":1,"3":1,"5":0}},"/home/travis/build/npmtest/node-npmtest-gitter-cli/node_modules/gitter-cli/lib/ui/message-input.js":{"path":"/home/travis/build/npmtest/node-npmtest-gitter-cli/node_modules/gitter-cli/lib/ui/message-input.js","s":{"1":1,"2":1,"3":1,"4":0,"5":0},"b":{},"f":{"1":0},"fnMap":{"1":{"name":"(anonymous_1)","line":4,"loc":{"start":{"line":4,"column":27},"end":{"line":4,"column":46}}}},"statementMap":{"1":{"start":{"line":1,"column":0},"end":{"line":1,"column":33}},"2":{"start":{"line":2,"column":0},"end":{"line":2,"column":38}},"3":{"start":{"line":4,"column":0},"end":{"line":18,"column":2}},"4":{"start":{"line":5,"column":2},"end":{"line":15,"column":5}},"5":{"start":{"line":17,"column":2},"end":{"line":17,"column":15}}},"branchMap":{},"code":["var Blessed = require('blessed');","var Styles = require('./styles.json');","","exports = module.exports = function (context) {","  var input = Blessed.textarea({","    bottom: 0,","    height: 3,","    autoPadding: true,","    inputOnFocus: true,","    padding: {","      top: 1,","      left: 2","    },","    style: Styles['message-input']","  });","","  return input;","};",""],"l":{"1":1,"2":1,"4":1,"5":0,"17":0}},"/home/travis/build/npmtest/node-npmtest-gitter-cli/node_modules/gitter-cli/lib/ui/screen.js":{"path":"/home/travis/build/npmtest/node-npmtest-gitter-cli/node_modules/gitter-cli/lib/ui/screen.js","s":{"1":1,"2":1,"3":1,"4":0,"5":0,"6":0},"b":{},"f":{"1":0},"fnMap":{"1":{"name":"(anonymous_1)","line":4,"loc":{"start":{"line":4,"column":27},"end":{"line":4,"column":46}}}},"statementMap":{"1":{"start":{"line":1,"column":0},"end":{"line":1,"column":27}},"2":{"start":{"line":2,"column":0},"end":{"line":2,"column":33}},"3":{"start":{"line":4,"column":0},"end":{"line":26,"column":2}},"4":{"start":{"line":6,"column":2},"end":{"line":20,"column":5}},"5":{"start":{"line":23,"column":2},"end":{"line":23,"column":26}},"6":{"start":{"line":25,"column":2},"end":{"line":25,"column":16}}},"branchMap":{},"code":["var Path = require('path');","var Blessed = require('blessed');","","exports = module.exports = function (context) {","  // Create the screen object.","  var screen = Blessed.screen({","    autoPadding: true,","    smartCSR: true,","    useBCE: true,","    cursor: {","      artificial: true,","      blink: true,","      shape: 'underline'","    },","    log: Path.join(__dirname, '..', '..', 'gitter-cli-blessed.log'),","    dump: true,","    fullUnicode: true,","    dockBorders: true,","    ignoreLocked: ['C-c']","  });","","  // Set the terminal title.","  screen.title = 'Gitter';","","  return screen;","};",""],"l":{"1":1,"2":1,"4":1,"6":0,"23":0,"25":0}}}